<?xml version="1.0" encoding="UTF-8"?>
<!-- Generated by org.testng.reporters.JUnitReportReporter -->
<testsuite hostname="JCI-MH68" failures="0" tests="43" name="com.csm.qa.test2.LoginPageTest" time="822.409" errors="0" timestamp="2023-07-07T15:13:00 IST" skipped="0">
  <testcase classname="com.csm.qa.test2.LoginPageTest" name="Test1" time="86.390"/>
  <system-out>
    <![CDATA[************************************[ Test 1--> 'Importing new record' ]************************************ 
******[ Test 1--> 'Importing new record' ]****** 
[Test 1 steps 'STARTS'] 
[Test 1 steps 'STARTS'] 
01.Clicked on '.csv' radio button
01.Clicked on '.csv' radio button
02.Clicked 'type' dropdown
02.Clicked 'type' dropdown
03.Selected 'type' as 'PO' 
03.Selected 'type' as 'PO' 
04.Clicked on 'Select Import File' button
04.Clicked on 'Select Import File' button
05.Choosing excel file(having records) from System Directory to perform Import functionility
05.Choosing excel file(having records) from System Directory to perform Import functionility
06.Clicked on 'Upload' button
06.Clicked on 'Upload' button
07.Clicked on 'Import file' button once file uploaded successfully
07.Clicked on 'Import file' button once file uploaded successfully
[Test 1 steps 'ENDS'] 
[Test 1 steps 'ENDS'] 
************************************[ Test 1--> 'Importing new record' is ''PASSED'' ]************************************ 
******[ Test 1--> 'Importing new record' is ''PASSED'' ]****** 
 
 ]]>
  </system-out>
  <testcase classname="com.csm.qa.test2.LoginPageTest" name="Test2" time="19.376"/>
  <system-out>
    <![CDATA[************************************[ Test 2--> 'Importing record as duplicate data' ]************************************ 
******[ Test 2--> 'Importing record as duplicate data' ]****** 
[Test 2 steps 'STARTS'] 
[Test 2 steps 'STARTS'] 
01.Clicked on 'Select Import File' button
01.Clicked on 'Select Import File' button
02.Choosing excel file(having records) from System Directory to perform Import functionility
02.Choosing excel file(having records) from System Directory to perform Import functionility
03.Clicked on 'Upload' button
03.Clicked on 'Upload' button
04.Clicked on 'Import file' button once file uploaded successfully
04.Clicked on 'Import file' button once file uploaded successfully
[Test 2 steps 'ENDS'] 
[Test 2 steps 'ENDS'] 
************************************[ Test 2--> 'Importing record as duplicate data' is ''PASSED'' ]************************************ 
******[ Test 2--> 'Importing record as duplicate data' is ''PASSED'' ]****** 
 
 ]]>
  </system-out>
  <testcase classname="com.csm.qa.test2.LoginPageTest" name="Test3" time="16.373"/>
  <system-out>
    <![CDATA[************************************[ Test 3--> 'Importing record as 'PO No' having MAX length' ]************************************ 
******[ Test 3--> 'Importing record as 'PO No' having MAX length' ]****** 
[Test 3 steps 'STARTS'] 
[Test 3 steps 'STARTS'] 
01.Clicked on 'Select Import File' button
01.Clicked on 'Select Import File' button
02.Choosing excel file(having records) from System Directory to perform Import functionility
02.Choosing excel file(having records) from System Directory to perform Import functionility
03.Clicked on 'Upload' button
03.Clicked on 'Upload' button
04.Clicked on 'Import file' button once file uploaded successfully
04.Clicked on 'Import file' button once file uploaded successfully
[Test 3 steps 'ENDS'] 
[Test 3 steps 'ENDS'] 
************************************[ Test 3--> 'Importing record as 'PO No' having MAX length' is ''PASSED'' ]************************************ 
******[ Test 3--> 'Importing record as 'PO No' having MAX length' is ''PASSED'' ]****** 
 
 ]]>
  </system-out>
  <testcase classname="com.csm.qa.test2.LoginPageTest" name="Test4" time="16.419"/>
  <system-out>
    <![CDATA[************************************[ Test 4--> 'Importing record as 'PO No' having Leading and Trailing space data' ]************************************ 
******[ Test 4--> 'Importing record as 'PO No' having Leading and Trailing space data' ]****** 
[Test 4 steps 'STARTS'] 
[Test 4 steps 'STARTS'] 
01.Clicked on 'Select Import File' button
01.Clicked on 'Select Import File' button
02.Choosing excel file(having records) from System Directory to perform Import functionility
02.Choosing excel file(having records) from System Directory to perform Import functionility
03.Clicked on 'Upload' button
03.Clicked on 'Upload' button
04.Clicked on 'Import file' button once file uploaded successfully
04.Clicked on 'Import file' button once file uploaded successfully
[Test 4 steps 'ENDS'] 
[Test 4 steps 'ENDS'] 
************************************[ Test 4--> 'Importing record as 'PO No' having Leading and Trailing space data' is ''PASSED'' ]************************************ 
******[ Test 4--> 'Importing record as 'PO No' having Leading and Trailing space data' is ''PASSED'' ]****** 
 
 ]]>
  </system-out>
  <testcase classname="com.csm.qa.test2.LoginPageTest" name="Test5" time="16.396"/>
  <system-out>
    <![CDATA[************************************[ Test 5--> 'Importing record as Non Exsisting 'Job Code Key' field' ]************************************ 
******[ Test 5--> 'Importing record as Non Exsisting 'Job Code Key' field' ]****** 
[Test 5 steps 'STARTS'] 
[Test 5 steps 'STARTS'] 
01.Clicked on 'Select Import File' button
01.Clicked on 'Select Import File' button
02.Choosing excel file(having records) from System Directory to perform Import functionility
02.Choosing excel file(having records) from System Directory to perform Import functionility
03.Clicked on 'Upload' button
03.Clicked on 'Upload' button
04.Clicked on 'Import file' button once file uploaded successfully
04.Clicked on 'Import file' button once file uploaded successfully
[Test 5 steps 'ENDS'] 
[Test 5 steps 'ENDS'] 
************************************[ Test 5--> 'Importing record as Non Exsisting 'Job Code Key' field' is ''PASSED'' ]************************************ 
******[ Test 5--> 'Importing record as Non Exsisting 'Job Code Key' field' is ''PASSED'' ]****** 
 
 ]]>
  </system-out>
  <testcase classname="com.csm.qa.test2.LoginPageTest" name="Test" time="16.368"/>
  <system-out>
    <![CDATA[************************************[ Test 6--> 'Importing record as No data inside Excel file(No Rows exsists)' ]************************************ 
******[ Test 6--> 'Importing record as No data inside Excel file(No Rows exsists)' ]****** 
[Test 6 steps 'STARTS'] 
[Test 6 steps 'STARTS'] 
01.Clicked on 'Select Import File' button
01.Clicked on 'Select Import File' button
02.Choosing excel file(having records) from System Directory to perform Import functionility
02.Choosing excel file(having records) from System Directory to perform Import functionility
03.Clicked on 'Upload' button
03.Clicked on 'Upload' button
04.Clicked on 'Import file' button once file uploaded successfully
04.Clicked on 'Import file' button once file uploaded successfully
[Test 1 steps 'ENDS'] 
[Test 1 steps 'ENDS'] 
************************************[ Test 6--> 'Importing record as No data inside Excel file(No Rows exsists)' is ''PASSED'' ]************************************ 
******[ Test 6--> 'Importing record as No data inside Excel file(No Rows exsists)' is ''PASSED'' ]****** 
 
 ]]>
  </system-out>
  <testcase classname="com.csm.qa.test2.LoginPageTest" name="Test7" time="16.406"/>
  <system-out>
    <![CDATA[************************************[ Test 7--> 'Importing record as NULL 'Job Code Key' field' ]************************************ 
******[ Test 7--> 'Importing record as NULL 'Job Code Key' field' ]****** 
[Test 7 steps 'STARTS'] 
[Test 7 steps 'STARTS'] 
01.Clicked on 'Select Import File' button
01.Clicked on 'Select Import File' button
02.Choosing excel file(having records) from System Directory to perform Import functionility
02.Choosing excel file(having records) from System Directory to perform Import functionility
03.Clicked on 'Upload' button
03.Clicked on 'Upload' button
04.Clicked on 'Import file' button once file uploaded successfully
04.Clicked on 'Import file' button once file uploaded successfully
[Test 7 steps 'ENDS'] 
[Test 7 steps 'ENDS'] 
************************************[ Test 7--> 'Importing record as NULL 'Job Code Key' field' is ''PASSED'' ]************************************ 
******[ Test 7--> 'Importing record as NULL 'Job Code Key' field' is ''PASSED'' ]****** 
 
 ]]>
  </system-out>
  <testcase classname="com.csm.qa.test2.LoginPageTest" name="Test8" time="16.387"/>
  <system-out>
    <![CDATA[************************************[ Test 8--> 'Importing record as NULL 'PO No' field' ]************************************ 
******[ Test 8--> 'Importing record as NULL 'PO No' field' ]****** 
[Test 8 steps 'STARTS'] 
[Test 8 steps 'STARTS'] 
01.Clicked on 'Select Import File' button
01.Clicked on 'Select Import File' button
02.Choosing excel file(having records) from System Directory to perform Import functionility
02.Choosing excel file(having records) from System Directory to perform Import functionility
03.Clicked on 'Upload' button
03.Clicked on 'Upload' button
04.Clicked on 'Import file' button once file uploaded successfully
04.Clicked on 'Import file' button once file uploaded successfully
[Test 8 steps 'ENDS'] 
[Test 8 steps 'ENDS'] 
************************************[ Test 8--> 'Importing record as NULL 'PO No' field' is ''PASSED'' ]************************************ 
******[ Test 8--> 'Importing record as NULL 'PO No' field' is ''PASSED'' ]****** 
 
 ]]>
  </system-out>
  <testcase classname="com.csm.qa.test2.LoginPageTest" name="Test9" time="16.363"/>
  <system-out>
    <![CDATA[************************************[ Test 9--> 'Importing record as NULL 'PO Order Date' field' ]************************************ 
******[ Test 9--> 'Importing record as NULL 'PO Order Date' field' ]****** 
[Test 9 steps 'STARTS'] 
[Test 9 steps 'STARTS'] 
01.Clicked on 'Select Import File' button
01.Clicked on 'Select Import File' button
02.Choosing excel file(having records) from System Directory to perform Import functionility
02.Choosing excel file(having records) from System Directory to perform Import functionility
03.Clicked on 'Upload' button
03.Clicked on 'Upload' button
04.Clicked on 'Import file' button once file uploaded successfully
04.Clicked on 'Import file' button once file uploaded successfully
[Test 9 steps 'ENDS'] 
[Test 9 steps 'ENDS'] 
************************************[ Test 9--> 'Importing record as NULL 'PO Order Date' field' is ''PASSED'' ]************************************ 
******[ Test 9--> 'Importing record as NULL 'PO Order Date' field' is ''PASSED'' ]****** 
 
 ]]>
  </system-out>
  <testcase classname="com.csm.qa.test2.LoginPageTest" name="Test10" time="16.413"/>
  <system-out>
    <![CDATA[************************************[ Test 10--> 'Importing record as NULL 'PO Title1' field' ]************************************ 
******[ Test 10--> 'Importing record as NULL 'PO Title1' field' ]****** 
[Test 10 steps 'STARTS'] 
[Test 10 steps 'STARTS'] 
01.Clicked on 'Select Import File' button
01.Clicked on 'Select Import File' button
02.Choosing excel file(having records) from System Directory to perform Import functionility
02.Choosing excel file(having records) from System Directory to perform Import functionility
03.Clicked on 'Upload' button
03.Clicked on 'Upload' button
04.Clicked on 'Import file' button once file uploaded successfully
04.Clicked on 'Import file' button once file uploaded successfully
[Test 10 steps 'ENDS'] 
[Test 10 steps 'ENDS'] 
************************************[ Test 10--> 'Importing record as NULL 'PO Title1' field' is ''PASSED'' ]************************************ 
******[ Test 10--> 'Importing record as NULL 'PO Title1' field' is ''PASSED'' ]****** 
 
 ]]>
  </system-out>
  <testcase classname="com.csm.qa.test2.LoginPageTest" name="Test11" time="16.407"/>
  <system-out>
    <![CDATA[************************************[ Test 11--> 'Importing record as NULL 'Discipline Code' field' ]************************************ 
******[ Test 11--> 'Importing record as NULL 'Discipline Code' field' ]****** 
[Test 11 steps 'STARTS'] 
[Test 11 steps 'STARTS'] 
01.Clicked on 'Select Import File' button
01.Clicked on 'Select Import File' button
02.Choosing excel file(having records) from System Directory to perform Import functionility
02.Choosing excel file(having records) from System Directory to perform Import functionility
03.Clicked on 'Upload' button
03.Clicked on 'Upload' button
04.Clicked on 'Import file' button once file uploaded successfully
04.Clicked on 'Import file' button once file uploaded successfully
[Test 11 steps 'ENDS'] 
[Test 11 steps 'ENDS'] 
************************************[ Test 11--> 'Importing record as NULL 'Discipline Code' field'' is ''PASSED'' ]************************************ 
******[ Test 11--> ''Importing record as NULL 'Discipline Code' field'' is ''PASSED'' ]****** 
 
 ]]>
  </system-out>
  <testcase classname="com.csm.qa.test2.LoginPageTest" name="Test12" time="16.407"/>
  <system-out>
    <![CDATA[************************************[ Test 12--> 'Importing record as NULL 'Item No' field' ]************************************ 
******[ Test 12--> 'Importing record as NULL 'Item No' field' ]****** 
[Test 12 steps 'STARTS'] 
[Test 12 steps 'STARTS'] 
01.Clicked on 'Select Import File' button
01.Clicked on 'Select Import File' button
02.Choosing excel file(having records) from System Directory to perform Import functionility
02.Choosing excel file(having records) from System Directory to perform Import functionility
03.Clicked on 'Upload' button
03.Clicked on 'Upload' button
04.Clicked on 'Import file' button once file uploaded successfully
04.Clicked on 'Import file' button once file uploaded successfully
[Test 12 steps 'ENDS'] 
[Test 12 steps 'ENDS'] 
************************************[ Test 12--> 'Importing record as NULL 'Item No' field' is ''PASSED'' ]************************************ 
******[ Test 12--> 'Importing record as NULL 'Item No' field' is ''PASSED'' ]****** 
 
 ]]>
  </system-out>
  <testcase classname="com.csm.qa.test2.LoginPageTest" name="Test13" time="16.401"/>
  <system-out>
    <![CDATA[************************************[ Test 13--> 'Importing record as NULL 'Ident Code' field' ]************************************ 
******[ Test 13--> 'Importing record as NULL 'Ident Code' field' ]****** 
[Test 13 steps 'STARTS'] 
[Test 13 steps 'STARTS'] 
01.Clicked on 'Select Import File' button
01.Clicked on 'Select Import File' button
02.Choosing excel file(having records) from System Directory to perform Import functionility
02.Choosing excel file(having records) from System Directory to perform Import functionility
03.Clicked on 'Upload' button
03.Clicked on 'Upload' button
04.Clicked on 'Import file' button once file uploaded successfully
04.Clicked on 'Import file' button once file uploaded successfully
[Test 13 steps 'ENDS'] 
[Test 13 steps 'ENDS'] 
************************************[ Test 13--> 'Importing record as NULL 'Ident Code' field' is ''PASSED'' ]************************************ 
******[ Test 13--> 'Importing record as NULL 'Ident Code' field' is ''PASSED'' ]****** 
 
 ]]>
  </system-out>
  <testcase classname="com.csm.qa.test2.LoginPageTest" name="Test14" time="16.954"/>
  <system-out>
    <![CDATA[************************************[ Test 14--> 'Importing record as NULL 'Size Decreament' field' ]************************************ 
******[ Test 14--> 'Importing record as NULL 'Size Decreament' field' ]****** 
[Test 14 steps 'STARTS'] 
[Test 14 steps 'STARTS'] 
01.Clicked on 'Select Import File' button
01.Clicked on 'Select Import File' button
02.Choosing excel file(having records) from System Directory to perform Import functionility
02.Choosing excel file(having records) from System Directory to perform Import functionility
03.Clicked on 'Upload' button
03.Clicked on 'Upload' button
04.Clicked on 'Import file' button once file uploaded successfully
04.Clicked on 'Import file' button once file uploaded successfully
[Test 14 steps 'ENDS'] 
[Test 14 steps 'ENDS'] 
************************************[ Test 14--> 'Importing record as NULL 'Size Decreament' field' is ''PASSED'' ]************************************ 
******[ Test 14--> 'Importing record as NULL 'Size Decreament' field' is ''PASSED'' ]****** 
 
 ]]>
  </system-out>
  <testcase classname="com.csm.qa.test2.LoginPageTest" name="Test15" time="16.415"/>
  <system-out>
    <![CDATA[************************************[ Test 15--> 'Importing record as NULL 'Thickness Description' field' ]************************************ 
******[ Test 15--> 'Importing record as NULL 'Thickness Description' field' ]****** 
[Test 15 steps 'STARTS'] 
[Test 15 steps 'STARTS'] 
01.Clicked on 'Select Import File' button
01.Clicked on 'Select Import File' button
02.Choosing excel file(having records) from System Directory to perform Import functionility
02.Choosing excel file(having records) from System Directory to perform Import functionility
03.Clicked on 'Upload' button
03.Clicked on 'Upload' button
04.Clicked on 'Import file' button once file uploaded successfully
04.Clicked on 'Import file' button once file uploaded successfully
[Test 15 steps 'ENDS'] 
[Test 15 steps 'ENDS'] 
************************************[ Test 15--> 'Importing record as NULL 'Thickness Description' field' is ''PASSED'' ]************************************ 
******[ Test 15--> 'Importing record as NULL 'Thickness Description' field' is ''PASSED'' ]****** 
 
 ]]>
  </system-out>
  <testcase classname="com.csm.qa.test2.LoginPageTest" name="Test16" time="16.409"/>
  <system-out>
    <![CDATA[************************************[ Test 16--> 'Importing record as NULL 'PO Qty' field' ]************************************ 
******[ Test 16--> 'Importing record as NULL 'PO Qty' field' ]****** 
[Test 16 steps 'STARTS'] 
[Test 16 steps 'STARTS'] 
01.Clicked on 'Select Import File' button
01.Clicked on 'Select Import File' button
05.Choosing excel file(having records) from System Directory to perform Import functionility
05.Choosing excel file(having records) from System Directory to perform Import functionility
06.Clicked on 'Upload' button
06.Clicked on 'Upload' button
04.Clicked on 'Import file' button once file uploaded successfully
04.Clicked on 'Import file' button once file uploaded successfully
[Test 16 steps 'ENDS'] 
[Test 16 steps 'ENDS'] 
************************************[ Test 16--> 'Importing record as NULL 'PO Qty' field' is ''PASSED'' ]************************************ 
******[ Test 16--> 'Importing record as NULL 'PO Qty' field' is ''PASSED'' ]****** 
 
 ]]>
  </system-out>
  <testcase classname="com.csm.qa.test2.LoginPageTest" name="Test17" time="16.387"/>
  <system-out>
    <![CDATA[************************************[ Test 17--> 'Importing record as NULL 'Company Code' field' ]************************************ 
******[ Test 17--> 'Importing record as NULL 'Company Code' field' ]****** 
[Test 17 steps 'STARTS'] 
[Test 17 steps 'STARTS'] 
01.Clicked on 'Select Import File' button
01.Clicked on 'Select Import File' button
05.Choosing excel file(having records) from System Directory to perform Import functionility
05.Choosing excel file(having records) from System Directory to perform Import functionility
06.Clicked on 'Upload' button
06.Clicked on 'Upload' button
04.Clicked on 'Import file' button once file uploaded successfully
04.Clicked on 'Import file' button once file uploaded successfully
[Test 17 steps 'ENDS'] 
[Test 17 steps 'ENDS'] 
************************************[ Test 17--> 'Importing record as NULL 'Company Code' field' is ''PASSED'' ]************************************ 
******[ Test 17--> 'Importing record as NULL 'Company Code' field' is ''PASSED'' ]****** 
 
 ]]>
  </system-out>
  <testcase classname="com.csm.qa.test2.LoginPageTest" name="Test18" time="16.420"/>
  <system-out>
    <![CDATA[************************************[ Test 18--> 'Importing record as 'PO No' having MIN length' ]************************************ 
******[ Test 18--> 'Importing record as 'PO No' having MIN length' ]****** 
[Test 18 steps 'STARTS'] 
[Test 18 steps 'STARTS'] 
01.Clicked on 'Select Import File' button
01.Clicked on 'Select Import File' button
05.Choosing excel file(having records) from System Directory to perform Import functionility
05.Choosing excel file(having records) from System Directory to perform Import functionility
06.Clicked on 'Upload' button
06.Clicked on 'Upload' button
04.Clicked on 'Import file' button once file uploaded successfully
04.Clicked on 'Import file' button once file uploaded successfully
[Test 18 steps 'ENDS'] 
[Test 18 steps 'ENDS'] 
************************************[ Test 18--> 'Importing record as 'PO No' having MIN length' is ''PASSED'' ]************************************ 
******[ Test 18--> 'Importing record as 'PO No' having MIN length' is ''PASSED'' ]****** 
 
 ]]>
  </system-out>
  <testcase classname="com.csm.qa.test2.LoginPageTest" name="Test19" time="16.400"/>
  <system-out>
    <![CDATA[************************************[ Test 19--> 'Importing record as Non Exsisting 'Job Code Key' field' ]************************************ 
******[ Test 19--> 'Importing record as Non Exsisting 'Job Code Key' field' ]****** 
[Test 19 steps 'STARTS'] 
[Test 19 steps 'STARTS'] 
01.Clicked on 'Select Import File' button
01.Clicked on 'Select Import File' button
05.Choosing excel file(having records) from System Directory to perform Import functionility
05.Choosing excel file(having records) from System Directory to perform Import functionility
06.Clicked on 'Upload' button
06.Clicked on 'Upload' button
04.Clicked on 'Import file' button once file uploaded successfully
04.Clicked on 'Import file' button once file uploaded successfully
[Test 19 steps 'ENDS'] 
[Test 19 steps 'ENDS'] 
************************************[ Test 19--> 'Importing record as Non Exsisting 'Job Code Key' field' is ''PASSED'' ]************************************ 
******[ Test 19--> 'Importing record as Non Exsisting 'Job Code Key' field' is ''PASSED'' ]****** 
 
 ]]>
  </system-out>
  <testcase classname="com.csm.qa.test2.LoginPageTest" name="Test20" time="16.408"/>
  <system-out>
    <![CDATA[************************************[ Test 20--> 'Importing record as Non Exsisting 'Ident Code' field' ]************************************ 
******[ Test 20--> 'Importing record as Non Exsisting 'Ident Code' field' ]****** 
[Test 20 steps 'STARTS'] 
[Test 20 steps 'STARTS'] 
01.Clicked on 'Select Import File' button
01.Clicked on 'Select Import File' button
05.Choosing excel file(having records) from System Directory to perform Import functionility
05.Choosing excel file(having records) from System Directory to perform Import functionility
06.Clicked on 'Upload' button
06.Clicked on 'Upload' button
04.Clicked on 'Import file' button once file uploaded successfully
04.Clicked on 'Import file' button once file uploaded successfully
[Test 20 steps 'ENDS'] 
[Test 20 steps 'ENDS'] 
************************************[ Test 20--> 'Importing record as Non Exsisting 'Ident Code' field' is ''PASSED'' ]************************************ 
******[ Test 20--> 'Importing record as Non Exsisting 'Ident Code' field' is ''PASSED'' ]****** 
 
 ]]>
  </system-out>
  <testcase classname="com.csm.qa.test2.LoginPageTest" name="Test21" time="16.520"/>
  <system-out>
    <![CDATA[************************************[ Test 21--> 'Importing record as Non Exsisting 'Discipline Code' field' ]************************************ 
******[ Test 21--> 'Importing record as Non Exsisting 'Discipline Code' field' ]****** 
[Test 21 steps 'STARTS'] 
[Test 21 steps 'STARTS'] 
01.Clicked on 'Select Import File' button
01.Clicked on 'Select Import File' button
05.Choosing excel file(having records) from System Directory to perform Import functionility
05.Choosing excel file(having records) from System Directory to perform Import functionility
06.Clicked on 'Upload' button
06.Clicked on 'Upload' button
04.Clicked on 'Import file' button once file uploaded successfully
04.Clicked on 'Import file' button once file uploaded successfully
[Test 21 steps 'ENDS'] 
[Test 21 steps 'ENDS'] 
************************************[ Test 21--> 'Importing record as Non Exsisting 'Discipline Code' field' is ''PASSED'' ]************************************ 
******[ Test 21--> 'Importing record as Non Exsisting 'Discipline Code' field' is ''PASSED'' ]****** 
 
 ]]>
  </system-out>
  <testcase classname="com.csm.qa.test2.LoginPageTest" name="Test22" time="16.424"/>
  <system-out>
    <![CDATA[************************************[ Test 22--> 'Importing record as Non Exsisting 'Size Description' field' ]************************************ 
******[ Test 22--> 'Importing record as Non Exsisting 'Size Description' field' ]****** 
[Test 22 steps 'STARTS'] 
[Test 22 steps 'STARTS'] 
01.Clicked on 'Select Import File' button
01.Clicked on 'Select Import File' button
05.Choosing excel file(having records) from System Directory to perform Import functionility
05.Choosing excel file(having records) from System Directory to perform Import functionility
06.Clicked on 'Upload' button
06.Clicked on 'Upload' button
04.Clicked on 'Import file' button once file uploaded successfully
04.Clicked on 'Import file' button once file uploaded successfully
[Test 22 steps 'ENDS'] 
[Test 22 steps 'ENDS'] 
************************************[ Test 22--> 'Importing record as Non Exsisting 'Size Description' field' is ''PASSED'' ]************************************ 
******[ Test 22--> 'Importing record as Non Exsisting 'Size Description' field' is ''PASSED'' ]****** 
 
 ]]>
  </system-out>
  <testcase classname="com.csm.qa.test2.LoginPageTest" name="Test23" time="16.433"/>
  <system-out>
    <![CDATA[************************************[ Test 23--> 'Importing record as Non Exsisting 'Thickness Description' field' ]************************************ 
******[ Test 23--> 'Importing record as Non Exsisting 'Thickness Description' field' ]****** 
[Test 23 steps 'STARTS'] 
[Test 23 steps 'STARTS'] 
01.Clicked on 'Select Import File' button
01.Clicked on 'Select Import File' button
05.Choosing excel file(having records) from System Directory to perform Import functionility
05.Choosing excel file(having records) from System Directory to perform Import functionility
06.Clicked on 'Upload' button
06.Clicked on 'Upload' button
04.Clicked on 'Import file' button once file uploaded successfully
04.Clicked on 'Import file' button once file uploaded successfully
[Test 23 steps 'ENDS'] 
[Test 23 steps 'ENDS'] 
************************************[ Test 23--> 'Importing record as Non Exsisting 'Thickness Description' field' is ''PASSED'' ]************************************ 
******[ Test 23--> 'Importing record as Non Exsisting 'Thickness Description' field' is ''PASSED'' ]****** 
 
 ]]>
  </system-out>
  <testcase classname="com.csm.qa.test2.LoginPageTest" name="Test24" time="16.394"/>
  <system-out>
    <![CDATA[************************************[ Test 24--> 'Importing record as Non Exsisting 'PO Qty' field' ]************************************ 
******[ Test 24--> 'Importing record as Non Exsisting 'PO Qty' field' ]****** 
[Test 24 steps 'STARTS'] 
[Test 24 steps 'STARTS'] 
01.Clicked on 'Select Import File' button
01.Clicked on 'Select Import File' button
05.Choosing excel file(having records) from System Directory to perform Import functionility
05.Choosing excel file(having records) from System Directory to perform Import functionility
06.Clicked on 'Upload' button
06.Clicked on 'Upload' button
04.Clicked on 'Import file' button once file uploaded successfully
04.Clicked on 'Import file' button once file uploaded successfully
[Test 24 steps 'ENDS'] 
[Test 24 steps 'ENDS'] 
************************************[ Test 24--> 'Importing record as Non Exsisting 'PO Qty' field' is ''PASSED'' ]************************************ 
******[ Test 24--> 'Importing record as Non Exsisting 'PO Qty' field' is ''PASSED'' ]****** 
 
 ]]>
  </system-out>
  <testcase classname="com.csm.qa.test2.LoginPageTest" name="Test25" time="16.396"/>
  <system-out>
    <![CDATA[************************************[ Test 25--> 'Importing record as Non Exsisting 'PO Qty'(ALPHABETICAL) field' ]************************************ 
******[ Test 25--> 'Importing record as Non Exsisting 'PO Qty'(ALPHABETICAL) field' ]****** 
[Test 25 steps 'STARTS'] 
[Test 25 steps 'STARTS'] 
01.Clicked on 'Select Import File' button
01.Clicked on 'Select Import File' button
05.Choosing excel file(having records) from System Directory to perform Import functionility
05.Choosing excel file(having records) from System Directory to perform Import functionility
06.Clicked on 'Upload' button
06.Clicked on 'Upload' button
04.Clicked on 'Import file' button once file uploaded successfully
04.Clicked on 'Import file' button once file uploaded successfully
[Test 25 steps 'ENDS'] 
[Test 25 steps 'ENDS'] 
************************************[ Test 25--> 'Importing record as Non Exsisting 'PO Qty'(ALPHABETICAL) field' is ''PASSED'' ]************************************ 
******[ Test 25--> 'Importing record as Non Exsisting 'PO Qty'(ALPHABETICAL) field is ''PASSED'' ]****** 
 
 ]]>
  </system-out>
  <testcase classname="com.csm.qa.test2.LoginPageTest" name="Test26" time="16.423"/>
  <system-out>
    <![CDATA[************************************[ Test 26--> 'Insertion of new data' ]************************************ 
******[ Test 26--> 'Insertion of new data' ]****** 
[Test 26 steps 'STARTS'] 
[Test 26 steps 'STARTS'] 
01.Clicked on 'Select Import File' button
01.Clicked on 'Select Import File' button
05.Choosing excel file(having records) from System Directory to perform Import functionility
05.Choosing excel file(having records) from System Directory to perform Import functionility
06.Clicked on 'Upload' button
06.Clicked on 'Upload' button
04.Clicked on 'Import file' button once file uploaded successfully
04.Clicked on 'Import file' button once file uploaded successfully
[Test 26 steps 'ENDS'] 
[Test 26  steps 'ENDS'] 
************************************[ Test 26--> 'Importing record as Non Exsisting 'PO Qty'(NVARCHAR) field' is ''PASSED'' ]************************************ 
******[ Test 26--> 'Importing record as Non Exsisting 'PO Qty'(NVARCHAR) field' is ''PASSED'' ]****** 
 
 ]]>
  </system-out>
  <testcase classname="com.csm.qa.test2.LoginPageTest" name="Test27" time="16.422"/>
  <system-out>
    <![CDATA[************************************[ Test 27--> 'Importing record as Non Exsisting 'PO Qty'(Special SYMBOLS) field' ]************************************ 
******[ Test 27--> 'Importing record as Non Exsisting 'PO Qty'(Special SYMBOLS) field' ]****** 
[Test 27 steps 'STARTS'] 
[Test 27 steps 'STARTS'] 
01.Clicked on 'Select Import File' button
01.Clicked on 'Select Import File' button
05.Choosing excel file(having records) from System Directory to perform Import functionility
05.Choosing excel file(having records) from System Directory to perform Import functionility
06.Clicked on 'Upload' button
06.Clicked on 'Upload' button
04.Clicked on 'Import file' button once file uploaded successfully
04.Clicked on 'Import file' button once file uploaded successfully
[Test 27 steps 'ENDS'] 
[Test 27 steps 'ENDS'] 
************************************[ Test 27--> 'Importing record as Non Exsisting 'PO Qty'(Special SYMBOLS) field' is ''PASSED'' ]************************************ 
******[ Test 27--> 'Importing record as Non Exsisting 'PO Qty'(Special SYMBOLS) field' is ''PASSED'' ]****** 
 
 ]]>
  </system-out>
  <testcase classname="com.csm.qa.test2.LoginPageTest" name="Test28" time="16.394"/>
  <system-out>
    <![CDATA[************************************[ Test 28--> 'Importing record as Non Exsisting 'Unit' field' ]************************************ 
******[ Test 28--> 'Importing record as Non Exsisting 'Unit' field' ]****** 
[Test 28 steps 'STARTS'] 
[Test 28 steps 'STARTS'] 
01.Clicked on 'Select Import File' button
01.Clicked on 'Select Import File' button
05.Choosing excel file(having records) from System Directory to perform Import functionility
05.Choosing excel file(having records) from System Directory to perform Import functionility
06.Clicked on 'Upload' button
06.Clicked on 'Upload' button
04.Clicked on 'Import file' button once file uploaded successfully
04.Clicked on 'Import file' button once file uploaded successfully
[Test 28 steps 'ENDS'] 
[Test 28 steps 'ENDS'] 
************************************[ Test 28--> 'Importing record as Non Exsisting 'Unit' field' is ''PASSED'' ]************************************ 
******[ Test 28--> 'Importing record as Non Exsisting 'Unit' field' is ''PASSED'' ]****** 
 
 ]]>
  </system-out>
  <testcase classname="com.csm.qa.test2.LoginPageTest" name="Test29" time="16.384"/>
  <system-out>
    <![CDATA[************************************[ Test 29--> 'Importing record as 'Item No' having MIN length' ]************************************ 
******[ Test 29--> 'Importing record as 'Item No' having MIN length' ]****** 
[Test 29 steps 'STARTS'] 
[Test 29 steps 'STARTS'] 
01.Clicked on 'Select Import File' button
01.Clicked on 'Select Import File' button
05.Choosing excel file(having records) from System Directory to perform Import functionility
05.Choosing excel file(having records) from System Directory to perform Import functionility
06.Clicked on 'Upload' button
06.Clicked on 'Upload' button
04.Clicked on 'Import file' button once file uploaded successfully
04.Clicked on 'Import file' button once file uploaded successfully
[Test 29 steps 'ENDS'] 
[Test 29 steps 'ENDS'] 
************************************[ Test 29--> 'Importing record as 'Item No' having MIN length' is ''PASSED'' ]************************************ 
******[ Test 29--> 'Importing record as 'Item No' having MIN length' is ''PASSED'' ]****** 
 
 ]]>
  </system-out>
  <testcase classname="com.csm.qa.test2.LoginPageTest" name="Test30" time="16.379"/>
  <system-out>
    <![CDATA[************************************[ Test 30--> 'Importing record as 'Item No' having MAX length' ]************************************ 
******[ Test 30--> 'Importing record as 'Item No' having MAX length' ]****** 
[Test 1 steps 'STARTS'] 
[Test 1 steps 'STARTS'] 
01.Clicked on 'Select Import File' button
01.Clicked on 'Select Import File' button
05.Choosing excel file(having records) from System Directory to perform Import functionility
05.Choosing excel file(having records) from System Directory to perform Import functionility
06.Clicked on 'Upload' button
06.Clicked on 'Upload' button
04.Clicked on 'Import file' button once file uploaded successfully
04.Clicked on 'Import file' button once file uploaded successfully
[Test 30 steps 'ENDS'] 
[Test 30 steps 'ENDS'] 
************************************[ Test 30--> 'Importing record as 'Item No' having MAX length' is ''PASSED'' ]************************************ 
******[ Test 30--> 'Importing record as 'Item No' having MAX length' is ''PASSED'' ]****** 
 
 ]]>
  </system-out>
  <testcase classname="com.csm.qa.test2.LoginPageTest" name="Test31" time="16.365"/>
  <system-out>
    <![CDATA[************************************[ Test 31--> 'Importing record as 'Item No' having length more than provided(exceeding MAX Length)' ]************************************ 
******[ Test 31--> 'Importing record as 'Item No' having length more than provided(exceeding MAX Length)' ]****** 
[Test 31 steps 'STARTS'] 
[Test 31 steps 'STARTS'] 
01.Clicked on 'Select Import File' button
01.Clicked on 'Select Import File' button
05.Choosing excel file(having records) from System Directory to perform Import functionility
05.Choosing excel file(having records) from System Directory to perform Import functionility
06.Clicked on 'Upload' button
06.Clicked on 'Upload' button
04.Clicked on 'Import file' button once file uploaded successfully
04.Clicked on 'Import file' button once file uploaded successfully
[Test 31 steps 'ENDS'] 
[Test 31 steps 'ENDS'] 
************************************[ Test 31--> 'Importing record as 'Item No' having length more than provided(exceeding MAX Length)' is ''PASSED'' ]************************************ 
******[ Test 31--> 'Importing record as 'Item No' having length more than provided(exceeding MAX Length)' is ''PASSED'' ]****** 
 
 ]]>
  </system-out>
  <testcase classname="com.csm.qa.test2.LoginPageTest" name="Test32" time="16.398"/>
  <system-out>
    <![CDATA[************************************[ Test 32--> 'Importing record as NULL 'Cancel Flag' field' ]************************************ 
******[ Test 32--> 'Importing record as NULL 'Cancel Flag' field' ]****** 
[Test 32 steps 'STARTS'] 
[Test 32 steps 'STARTS'] 
01.Clicked on 'Select Import File' button
01.Clicked on 'Select Import File' button
05.Choosing excel file(having records) from System Directory to perform Import functionility
05.Choosing excel file(having records) from System Directory to perform Import functionility
06.Clicked on 'Upload' button
06.Clicked on 'Upload' button
04.Clicked on 'Import file' button once file uploaded successfully
04.Clicked on 'Import file' button once file uploaded successfully
[Test 32 steps 'ENDS'] 
[Test 32 steps 'ENDS'] 
************************************[ Test 32--> 'Importing record as NULL 'Cancel Flag' field' is ''PASSED'' ]************************************ 
******[ Test 32--> 'Importing record as NULL 'Cancel Flag' field' is ''PASSED'' ]****** 
 
 ]]>
  </system-out>
  <testcase classname="com.csm.qa.test2.LoginPageTest" name="Test33" time="16.420"/>
  <system-out>
    <![CDATA[************************************[ Test 33--> 'Importing record as input '0' inside 'Cancel Flag' field' ]************************************ 
******[ Test 33--> 'Importing record as input '0' inside 'Cancel Flag' field' ]****** 
[Test 33 steps 'STARTS'] 
[Test 33 steps 'STARTS'] 
01.Clicked on 'Select Import File' button
01.Clicked on 'Select Import File' button
05.Choosing excel file(having records) from System Directory to perform Import functionility
05.Choosing excel file(having records) from System Directory to perform Import functionility
06.Clicked on 'Upload' button
06.Clicked on 'Upload' button
04.Clicked on 'Import file' button once file uploaded successfully
04.Clicked on 'Import file' button once file uploaded successfully
[Test 33 steps 'ENDS'] 
[Test 33 steps 'ENDS'] 
************************************[ Test 33--> 'Importing record as input '0' inside 'Cancel Flag' field' is ''PASSED'' ]************************************ 
******[ Test 33--> 'Importing record as input '0' inside 'Cancel Flag' field' is ''PASSED'' ]****** 
 
 ]]>
  </system-out>
  <testcase classname="com.csm.qa.test2.LoginPageTest" name="Test34" time="16.430"/>
  <system-out>
    <![CDATA[************************************[ Test 34--> 'Importing record as input '0' inside 'Cancel Flag' field' ]************************************ 
******[ Test 34--> 'Importing record as input '0' inside 'Cancel Flag' field' ]****** 
[Test 34 steps 'STARTS'] 
[Test 34 steps 'STARTS'] 
01.Clicked on 'Select Import File' button
01.Clicked on 'Select Import File' button
05.Choosing excel file(having records) from System Directory to perform Import functionility
05.Choosing excel file(having records) from System Directory to perform Import functionility
06.Clicked on 'Upload' button
06.Clicked on 'Upload' button
04.Clicked on 'Import file' button once file uploaded successfully
04.Clicked on 'Import file' button once file uploaded successfully
[Test 34 steps 'ENDS'] 
[Test 34 steps 'ENDS'] 
************************************[ Test 34--> 'Importing record as input '0' inside 'Cancel Flag' field' is ''PASSED'' ]************************************ 
******[ Test 34--> 'Importing record as input '0' inside 'Cancel Flag' field' is ''PASSED'' ]****** 
 
 ]]>
  </system-out>
  <testcase classname="com.csm.qa.test2.LoginPageTest" name="Test35" time="16.443"/>
  <system-out>
    <![CDATA[************************************[ Test 35--> 'Importing records with Error(With Error Records)' ]************************************ 
******[ Test 35--> 'Importing records with Error(With Error Records)' ]****** 
[Test 35 steps 'STARTS'] 
[Test 35 steps 'STARTS'] 
01.Clicked on 'Select Import File' button
01.Clicked on 'Select Import File' button
05.Choosing excel file(having records) from System Directory to perform Import functionility
05.Choosing excel file(having records) from System Directory to perform Import functionility
06.Clicked on 'Upload' button
06.Clicked on 'Upload' button
04.Clicked on 'Import file' button once file uploaded successfully
04.Clicked on 'Import file' button once file uploaded successfully
[Test 35 steps 'ENDS'] 
[Test 35 steps 'ENDS'] 
************************************[ Test 35--> 'Importing records with Error(With Error Records)' is ''PASSED'' ]************************************ 
******[ Test 35--> 'Importing records with Error(With Error Records)' is ''PASSED'' ]****** 
 
 ]]>
  </system-out>
  <testcase classname="com.csm.qa.test2.LoginPageTest" name="Test36" time="18.502"/>
  <system-out>
    <![CDATA[************************************[ Test 36--> 'Insertion of new data' ]************************************ 
******[ Test 36--> 'Insertion of new data' ]****** 
[Test 36 steps 'STARTS'] 
[Test 36 steps 'STARTS'] 
01.Clicked on 'Select Import File' button
01.Clicked on 'Select Import File' button
05.Choosing excel file(having records) from System Directory to perform Import functionility
05.Choosing excel file(having records) from System Directory to perform Import functionility
06.Clicked on 'Upload' button
06.Clicked on 'Upload' button
04.Clicked on 'Import file' button once file uploaded successfully
04.Clicked on 'Import file' button once file uploaded successfully
Clicked on 'Error Report' button to print error report in PDF format
Clicked on 'Error Report' button to print error report in PDF format
[Test 36 steps 'ENDS'] 
[Test 36 steps 'ENDS'] 
************************************[ Test 36--> 'To print Error records in PDF(Error Report Print) format' is ''PASSED'' ]************************************ 
******[ Test 36--> 'To print Error records in PDF(Error Report Print) format' is ''PASSED'' ]****** 
 
 ]]>
  </system-out>
  <testcase classname="com.csm.qa.test2.LoginPageTest" name="Test37" time="18.519"/>
  <system-out>
    <![CDATA[************************************[ Test 37--> 'To print records in Excel(Export Excel sheet/file) format' ]************************************ 
******[ Test 37--> 'To print records in Excel(Export Excel sheet/file) format' ]****** 
[Test 37 steps 'STARTS'] 
[Test 37 steps 'STARTS'] 
01.Clicked on 'Select Import File' button
01.Clicked on 'Select Import File' button
05.Choosing excel file(having records) from System Directory to perform Import functionility
05.Choosing excel file(having records) from System Directory to perform Import functionility
06.Clicked on 'Upload' button
06.Clicked on 'Upload' button
04.Clicked on 'Import file' button once file uploaded successfully
04.Clicked on 'Import file' button once file uploaded successfully
Clicked on 'Export Excel Sheet' button to export records in excel format
Clicked on 'Export Excel Sheet' button to export records in excel format
[Test 37 steps 'ENDS'] 
[Test 37 steps 'ENDS'] 
************************************[ Test 37--> 'To print records in Excel(Export Excel sheet/file) format' is ''PASSED'' ]************************************ 
******[ Test 37--> 'To print records in Excel(Export Excel sheet/file) format' is ''PASSED'' ]****** 
 
 ]]>
  </system-out>
  <testcase classname="com.csm.qa.test2.LoginPageTest" name="Test38" time="16.441"/>
  <system-out>
    <![CDATA[************************************[ Test 38--> 'Importing records as BULK' ]************************************ 
******[ Test 38--> 'Importing records as BULK' ]****** 
[Test 38 steps 'STARTS'] 
[Test 38 steps 'STARTS'] 
01.Clicked on 'Select Import File' button
01.Clicked on 'Select Import File' button
05.Choosing excel file(having records) from System Directory to perform Import functionility
05.Choosing excel file(having records) from System Directory to perform Import functionility
06.Clicked on 'Upload' button
06.Clicked on 'Upload' button
04.Clicked on 'Import file' button once file uploaded successfully
04.Clicked on 'Import file' button once file uploaded successfully
[Test 38 steps 'ENDS'] 
[Test 38 steps 'ENDS'] 
************************************[ Test 38--> 'Importing records as BULK' is ''PASSED'' ]************************************ 
******[ Test 38--> 'Importing records as BULK' is ''PASSED'' ]****** 
 
 ]]>
  </system-out>
  <testcase classname="com.csm.qa.test2.LoginPageTest" name="Test39" time="20.505"/>
  <system-out>
    <![CDATA[************************************[ Test 39--> 'Insertion of new data' ]************************************ 
******[ Test 39--> 'Insertion of new data' ]****** 
[Test 39 steps 'STARTS'] 
[Test 39 steps 'STARTS'] 
01.Clicked on 'Select Import File' button
01.Clicked on 'Select Import File' button
05.Choosing excel file(having records) from System Directory to perform Import functionility
05.Choosing excel file(having records) from System Directory to perform Import functionility
06.Clicked on 'Upload' button
06.Clicked on 'Upload' button
04.Clicked on 'Import file' button once file uploaded successfully
04.Clicked on 'Import file' button once file uploaded successfully
Store Location is JGC-6S
Store Location is JGC-6S
[Test 39 steps 'ENDS'] 
[Test 39 steps 'ENDS'] 
************************************[ Test 39--> 'To verify Store Location as we seted initially' is ''PASSED'' ]************************************ 
******[ Test 39--> 'To verify Store Location as we seted initially' is ''PASSED'' ]****** 
 
 ]]>
  </system-out>
  <testcase classname="com.csm.qa.test2.LoginPageTest" name="Test40" time="24.546"/>
  <system-out>
    <![CDATA[************************************[ Test 40--> 'To verify importing records in Potrait mode' ]************************************ 
******[ Test 40--> 'To verify importing records in Potrait mode' ]****** 
[Test 40 steps 'STARTS'] 
[Test 40 steps 'STARTS'] 
01.Clicked on 'Select Import File' button
01.Clicked on 'Select Import File' button
05.Choosing excel file(having records) from System Directory to perform Import functionility
05.Choosing excel file(having records) from System Directory to perform Import functionility
06.Clicked on 'Upload' button
06.Clicked on 'Upload' button
04.Clicked on 'Import file' button once file uploaded successfully
04.Clicked on 'Import file' button once file uploaded successfully
Clicked on 'Mac menu Potrait' button to view records in Potrait
Clicked on 'Mac menu Potrait' button to view records in Potrait
Clicked on 'Mac menu Potrait' button to view records in Potrait
Clicked on 'Mac menu Potrait' button to view records in Potrait
[Test 40 steps 'ENDS'] 
[Test 40 steps 'ENDS'] 
************************************[ Test 40--> 'To verify importing records in Potrait mode' is ''PASSED'' ]************************************ 
******[ Test 40--> 'To verify importing records in Potrait mode' is ''PASSED'' ]****** 
 
 ]]>
  </system-out>
  <testcase classname="com.csm.qa.test2.LoginPageTest" name="Test41" time="36.171"/>
  <system-out>
    <![CDATA[************************************[ Test 41--> 'To verify IMPORTED record(contains Special Symbols as 'PO No') is displaying in DM screen or not!' ]************************************ 
******[ Test 41--> 'To verify IMPORTED record(contains Special Symbols as 'PO No') is displaying in DM screen or not!' ]****** 
[Test 41 steps 'STARTS'] 
[Test 41 steps 'STARTS'] 
01.Clicked on 'Select Import File' button
01.Clicked on 'Select Import File' button
05.Choosing excel file(having records) from System Directory to perform Import functionility
05.Choosing excel file(having records) from System Directory to perform Import functionility
06.Clicked on 'Upload' button
06.Clicked on 'Upload' button
04.Clicked on 'Import file' button once file uploaded successfully
04.Clicked on 'Import file' button once file uploaded successfully
05.Clicked on 'Import file' button once file uploaded successfully
05.Clicked on 'Import file' button once file uploaded successfully
06.Clicked on DATA MAINTAINCE menu(arrow)
06.Clicked on DATA MAINTAINCE menu(arrow)
07.Clicked of 'Receiving Data' under Data Maintainance
07.Clicked of 'Receiving Data' under Data Maintainance
08.Clicked on 'PO' Screen
08.Clicked on 'PO' Screen
09.Clicked inside 'PO No' field 
09.Clicked inside 'PO No' field 
10.Clicked on 'Go' button
10.Clicked on 'Go' button
[Test 41 steps 'ENDS'] 
[Test 41 steps 'ENDS'] 
************************************[ Test 41--> 'To verify IMPORTED record(contains Special Symbols as 'PO No') is displaying in DM screen or not!' is ''PASSED'' ]************************************ 
******[ Test 41--> 'To verify IMPORTED record(contains Special Symbols as 'PO No') is displaying in DM screen or not!' is ''PASSED'' ]****** 
 
 ]]>
  </system-out>
  <testcase classname="com.csm.qa.test2.LoginPageTest" name="Test42" time="30.699"/>
  <system-out>
    <![CDATA[************************************[ Test 42--> 'To verify IMPORTED record is displaying in DM screen or not! for 'PO Qty' data' ]************************************ 
******[ Test 42--> 'To verify IMPORTED record is displaying in DM screen or not! for 'PO Qty' data' ]****** 
[Test 42 steps 'STARTS'] 
[Test 42 steps 'STARTS'] 
01.Clicked on 'Select Import File' button
01.Clicked on 'Select Import File' button
05.Choosing excel file(having records) from System Directory to perform Import functionility
05.Choosing excel file(having records) from System Directory to perform Import functionility
06.Clicked on 'Upload' button
06.Clicked on 'Upload' button
04.Clicked on 'Import file' button once file uploaded successfully
04.Clicked on 'Import file' button once file uploaded successfully
09.Clicked inside 'PO No' field
09.Clicked inside 'PO No' field
10.Clicked on 'Go' button
10.Clicked on 'Go' button
[Test 42 steps 'ENDS'] 
[Test 42 steps 'ENDS'] 
************************************[ Test 42--> 'To verify IMPORTED record is displaying in DM screen or not! for 'PO Qty' data' is ''PASSED'' ]************************************ 
******[ Test 42--> 'To verify IMPORTED record is displaying in DM screen or not! for 'PO Qty' data' is ''PASSED'' ]****** 
 
 ]]>
  </system-out>
  <testcase classname="com.csm.qa.test2.LoginPageTest" name="Test43" time="9.302"/>
  <system-out>
    <![CDATA[************************************[ Test 43--> 'To verify Store Location is displaying or not(as we Seted initially' data' ]************************************ 
******[ Test 43--> 'To verify Store Location is displaying or not(as we Seted initially' ]****** 
[Test 43 steps 'STARTS'] 
[Test 43 steps 'STARTS'] 
[Test 43 steps 'ENDS'] 
[Test 43 steps 'ENDS'] 
************************************[ Test 43--> 'To verify Store Location is displaying or not(as we Seted initially' is ''PASSED'' ]************************************ 
******[ Test 43--> 'To verify Store Location is displaying or not(as we Seted initially' is ''PASSED'' ]****** 
 
 ]]>
  </system-out>
</testsuite> <!-- com.csm.qa.test2.LoginPageTest -->
