<?xml version="1.0" encoding="UTF-8"?>
<!-- Generated by org.testng.reporters.JUnitReportReporter -->
<testsuite hostname="JCI-MH68" failures="0" tests="10" name="com.csm.qa.test2.LoginPageTest" time="188.202" errors="0" timestamp="2023-07-06T14:18:09 IST" skipped="0">
  <testcase classname="com.csm.qa.test2.LoginPageTest" name="Test1" time="36.794"/>
  <system-out>
    <![CDATA[************************************[ Test 1--> 'Importing new record' ]************************************ 
******[ Test 1--> 'Importing new record' ]****** 
[Test 1 steps 'STARTS'] 
[Test 1 steps 'STARTS'] 
01.Clicked on '.csv' radio button
01.Clicked on '.csv' radio button
02.Clicked 'type' dropdown
02.Clicked 'type' dropdown
03.Selected 'type' as 'PO' 
03.Selected 'type' as 'PO' 
04.Clicked on 'Select Import File' button
04.Clicked on 'Select Import File' button
05.Choosing excel file(having records) from System Directory to perform Import functionility
05.Choosing excel file(having records) from System Directory to perform Import functionility
06.Clicked on 'Upload' button
06.Clicked on 'Upload' button
07.Clicked on 'Import file' button once file uploaded successfully
07.Clicked on 'Import file' button once file uploaded successfully
[Test 1 steps 'ENDS'] 
[Test 1 steps 'ENDS'] 
************************************[ Test 1--> 'Importing new record' is ''PASSED'' ]************************************ 
******[ Test 1--> 'Importing new record' is ''PASSED'' ]****** 
 
 ]]>
  </system-out>
  <testcase classname="com.csm.qa.test2.LoginPageTest" name="Test2" time="19.503"/>
  <system-out>
    <![CDATA[************************************[ Test 2--> 'Importing record as duplicate data' ]************************************ 
******[ Test 2--> 'Importing record as duplicate data' ]****** 
[Test 2 steps 'STARTS'] 
[Test 2 steps 'STARTS'] 
01.Clicked on 'Select Import File' button
01.Clicked on 'Select Import File' button
05.Choosing excel file(having records) from System Directory to perform Import functionility
05.Choosing excel file(having records) from System Directory to perform Import functionility
06.Clicked on 'Upload' button
06.Clicked on 'Upload' button
04.Clicked on 'Import file' button once file uploaded successfully
04.Clicked on 'Import file' button once file uploaded successfully
[Test 2 steps 'ENDS'] 
[Test 2 steps 'ENDS'] 
************************************[ Test 2--> 'Importing record as duplicate data' is ''PASSED'' ]************************************ 
******[ Test 2--> 'Importing record as duplicate data' is ''PASSED'' ]****** 
 
 ]]>
  </system-out>
  <testcase classname="com.csm.qa.test2.LoginPageTest" name="Test3" time="16.494"/>
  <system-out>
    <![CDATA[************************************[ Test 3--> 'Importing record as 'PO No' having MAX length' ]************************************ 
******[ Test 3--> 'Importing record as 'PO No' having MAX length' ]****** 
[Test 3 steps 'STARTS'] 
[Test 3 steps 'STARTS'] 
01.Clicked on 'Select Import File' button
01.Clicked on 'Select Import File' button
05.Choosing excel file(having records) from System Directory to perform Import functionility
05.Choosing excel file(having records) from System Directory to perform Import functionility
06.Clicked on 'Upload' button
06.Clicked on 'Upload' button
04.Clicked on 'Import file' button once file uploaded successfully
04.Clicked on 'Import file' button once file uploaded successfully
[Test 3 steps 'ENDS'] 
[Test 3 steps 'ENDS'] 
************************************[ Test 3--> 'Importing record as 'PO No' having MAX length' is ''PASSED'' ]************************************ 
******[ Test 3--> 'Importing record as 'PO No' having MAX length' is ''PASSED'' ]****** 
 
 ]]>
  </system-out>
  <testcase classname="com.csm.qa.test2.LoginPageTest" name="Test4" time="16.520"/>
  <system-out>
    <![CDATA[************************************[ Test 4--> 'Importing record as 'PO No' having Leading and Trailing space data' ]************************************ 
******[ Test 4--> 'Importing record as 'PO No' having Leading and Trailing space data' ]****** 
[Test 4 steps 'STARTS'] 
[Test 4 steps 'STARTS'] 
01.Clicked on 'Select Import File' button
01.Clicked on 'Select Import File' button
05.Choosing excel file(having records) from System Directory to perform Import functionility
05.Choosing excel file(having records) from System Directory to perform Import functionility
06.Clicked on 'Upload' button
06.Clicked on 'Upload' button
04.Clicked on 'Import file' button once file uploaded successfully
04.Clicked on 'Import file' button once file uploaded successfully
[Test 4 steps 'ENDS'] 
[Test 4 steps 'ENDS'] 
************************************[ Test 4--> 'Importing record as 'PO No' having Leading and Trailing space data' is ''PASSED'' ]************************************ 
******[ Test 4--> 'Importing record as 'PO No' having Leading and Trailing space data' is ''PASSED'' ]****** 
 
 ]]>
  </system-out>
  <testcase classname="com.csm.qa.test2.LoginPageTest" name="Test5" time="16.473"/>
  <system-out>
    <![CDATA[************************************[ Test 5--> 'Importing record as Non Exsisting 'Job Code Key' field' ]************************************ 
******[ Test 5--> 'Importing record as Non Exsisting 'Job Code Key' field' ]****** 
[Test 5 steps 'STARTS'] 
[Test 5 steps 'STARTS'] 
01.Clicked on 'Select Import File' button
01.Clicked on 'Select Import File' button
05.Choosing excel file(having records) from System Directory to perform Import functionility
05.Choosing excel file(having records) from System Directory to perform Import functionility
06.Clicked on 'Upload' button
06.Clicked on 'Upload' button
04.Clicked on 'Import file' button once file uploaded successfully
04.Clicked on 'Import file' button once file uploaded successfully
[Test 5 steps 'ENDS'] 
[Test 5 steps 'ENDS'] 
************************************[ Test 5--> 'Importing record as Non Exsisting 'Job Code Key' field' is ''PASSED'' ]************************************ 
******[ Test 5--> 'Importing record as Non Exsisting 'Job Code Key' field' is ''PASSED'' ]****** 
 
 ]]>
  </system-out>
  <testcase classname="com.csm.qa.test2.LoginPageTest" name="Test" time="16.472"/>
  <system-out>
    <![CDATA[************************************[ Test 6--> 'Importing record as No data inside Excel file(No Rows exsists)' ]************************************ 
******[ Test 6--> 'Importing record as No data inside Excel file(No Rows exsists)' ]****** 
[Test 6 steps 'STARTS'] 
[Test 6 steps 'STARTS'] 
01.Clicked on 'Select Import File' button
01.Clicked on 'Select Import File' button
05.Choosing excel file(having records) from System Directory to perform Import functionility
05.Choosing excel file(having records) from System Directory to perform Import functionility
06.Clicked on 'Upload' button
06.Clicked on 'Upload' button
04.Clicked on 'Import file' button once file uploaded successfully
04.Clicked on 'Import file' button once file uploaded successfully
[Test 1 steps 'ENDS'] 
[Test 1 steps 'ENDS'] 
************************************[ Test 6--> 'Importing record as No data inside Excel file(No Rows exsists)' is ''PASSED'' ]************************************ 
******[ Test 6--> 'Importing record as No data inside Excel file(No Rows exsists)' is ''PASSED'' ]****** 
 
 ]]>
  </system-out>
  <testcase classname="com.csm.qa.test2.LoginPageTest" name="Test7" time="16.477"/>
  <system-out>
    <![CDATA[************************************[ Test 7--> 'Importing record as NULL 'Job Code Key' field' ]************************************ 
******[ Test 7--> 'Importing record as NULL 'Job Code Key' field' ]****** 
[Test 7 steps 'STARTS'] 
[Test 7 steps 'STARTS'] 
01.Clicked on 'Select Import File' button
01.Clicked on 'Select Import File' button
05.Choosing excel file(having records) from System Directory to perform Import functionility
05.Choosing excel file(having records) from System Directory to perform Import functionility
06.Clicked on 'Upload' button
06.Clicked on 'Upload' button
04.Clicked on 'Import file' button once file uploaded successfully
04.Clicked on 'Import file' button once file uploaded successfully
[Test 7 steps 'ENDS'] 
[Test 7 steps 'ENDS'] 
************************************[ Test 7--> 'Importing record as NULL 'Job Code Key' field' is ''PASSED'' ]************************************ 
******[ Test 7--> 'Importing record as NULL 'Job Code Key' field' is ''PASSED'' ]****** 
 
 ]]>
  </system-out>
  <testcase classname="com.csm.qa.test2.LoginPageTest" name="Test8" time="16.499"/>
  <system-out>
    <![CDATA[************************************[ Test 8--> 'Importing record as NULL 'PO No' field' ]************************************ 
******[ Test 8--> 'Importing record as NULL 'PO No' field' ]****** 
[Test 8 steps 'STARTS'] 
[Test 8 steps 'STARTS'] 
01.Clicked on 'Select Import File' button
01.Clicked on 'Select Import File' button
05.Choosing excel file(having records) from System Directory to perform Import functionility
05.Choosing excel file(having records) from System Directory to perform Import functionility
06.Clicked on 'Upload' button
06.Clicked on 'Upload' button
04.Clicked on 'Import file' button once file uploaded successfully
04.Clicked on 'Import file' button once file uploaded successfully
[Test 8 steps 'ENDS'] 
[Test 8 steps 'ENDS'] 
************************************[ Test 8--> 'Importing record as NULL 'PO No' field' is ''PASSED'' ]************************************ 
******[ Test 8--> 'Importing record as NULL 'PO No' field' is ''PASSED'' ]****** 
 
 ]]>
  </system-out>
  <testcase classname="com.csm.qa.test2.LoginPageTest" name="Test9" time="16.486"/>
  <system-out>
    <![CDATA[************************************[ Test 9--> 'Importing record as NULL 'PO Order Date' field' ]************************************ 
******[ Test 9--> 'Importing record as NULL 'PO Order Date' field' ]****** 
[Test 9 steps 'STARTS'] 
[Test 9 steps 'STARTS'] 
01.Clicked on 'Select Import File' button
01.Clicked on 'Select Import File' button
05.Choosing excel file(having records) from System Directory to perform Import functionility
05.Choosing excel file(having records) from System Directory to perform Import functionility
06.Clicked on 'Upload' button
06.Clicked on 'Upload' button
04.Clicked on 'Import file' button once file uploaded successfully
04.Clicked on 'Import file' button once file uploaded successfully
[Test 9 steps 'ENDS'] 
[Test 9 steps 'ENDS'] 
************************************[ Test 9--> 'Importing record as NULL 'PO Order Date' field' is ''PASSED'' ]************************************ 
******[ Test 9--> 'Importing record as NULL 'PO Order Date' field' is ''PASSED'' ]****** 
 
 ]]>
  </system-out>
  <testcase classname="com.csm.qa.test2.LoginPageTest" name="Test10" time="16.484"/>
  <system-out>
    <![CDATA[************************************[ Test 10--> 'Importing record as NULL 'PO Title1' field' ]************************************ 
******[ Test 10--> 'Importing record as NULL 'PO Title1' field' ]****** 
[Test 10 steps 'STARTS'] 
[Test 10 steps 'STARTS'] 
01.Clicked on 'Select Import File' button
01.Clicked on 'Select Import File' button
05.Choosing excel file(having records) from System Directory to perform Import functionility
05.Choosing excel file(having records) from System Directory to perform Import functionility
06.Clicked on 'Upload' button
06.Clicked on 'Upload' button
04.Clicked on 'Import file' button once file uploaded successfully
04.Clicked on 'Import file' button once file uploaded successfully
[Test 10 steps 'ENDS'] 
[Test 10 steps 'ENDS'] 
************************************[ Test 10--> 'Importing record as NULL 'PO Title1' field' is ''PASSED'' ]************************************ 
******[ Test 10--> 'Importing record as NULL 'PO Title1' field' is ''PASSED'' ]****** 
 
 ]]>
  </system-out>
</testsuite> <!-- com.csm.qa.test2.LoginPageTest -->
