<?xml version="1.0" encoding="UTF-8"?>
<!-- Generated by org.testng.reporters.JUnitReportReporter -->
<testsuite hostname="JCI-MH68" failures="0" tests="1" name="com.csm.qa.test.LoginPageTest2" time="14.307" errors="0" timestamp="2023-07-05T14:24:34 IST" skipped="0">
  <testcase classname="com.csm.qa.test.LoginPageTest2" name="Test1" time="14.307"/>
  <system-out>
    <![CDATA[ 
************************************[ Test 1--> Insertion of new data ]**************************************************** 
******[ Test 1--> Insertion of new data ]****** 
[Test 1 steps 'STARTS'] 
[Test 1 steps 'STARTS'] ]]>
  </system-out>
</testsuite> <!-- com.csm.qa.test.LoginPageTest2 -->
