<?xml version="1.0" encoding="UTF-8"?>
<!-- Generated by org.testng.reporters.JUnitReportReporter -->
<testsuite hostname="JCI-MH68" failures="0" tests="2" name="com.csm.qa.test2.LoginPageTest" time="59.574" errors="0" timestamp="2023-07-05T15:46:03 IST" skipped="0">
  <testcase classname="com.csm.qa.test2.LoginPageTest" name="Test1" time="39.123"/>
  <system-out>
    <![CDATA[************************************[ Test 1--> 'Importing new record' ]************************************ 
******[ Test 1--> 'Importing new record' ]****** 
[Test 1 steps 'STARTS'] 
[Test 1 steps 'STARTS'] 
01.Clicked on '.csv' radio button
01.Clicked on '.csv' radio button
02.Clicked 'type' dropdown
02.Clicked 'type' dropdown
03.Selected 'type' as 'PO' 
03.Selected 'type' as 'PO' 
04.Clicked on 'Select Import File' button
04.Clicked on 'Select Import File' button
05.Choosing excel file(having records) from System Directory to perform Import functionility
05.Choosing excel file(having records) from System Directory to perform Import functionility
06.Clicked on 'Upload' button
06.Clicked on 'Upload' button
07.Clicked on 'Import file' button once file uploaded successfully
07.Clicked on 'Import file' button once file uploaded successfully
[Test 1 steps 'ENDS'] 
[Test 1 steps 'ENDS'] 
************************************[ Test 1--> 'Importing new record' is ''PASSED'' ]************************************ 
******[ Test 1--> 'Importing new record' is ''PASSED'' ]****** 
 
 ]]>
  </system-out>
  <testcase classname="com.csm.qa.test2.LoginPageTest" name="Test2" time="20.451"/>
  <system-out>
    <![CDATA[************************************[ Test 2--> 'Importing record as duplicate data' ]************************************ 
******[ Test 2--> 'Importing record as duplicate data' ]****** 
[Test 2 steps 'STARTS'] 
[Test 2 steps 'STARTS'] 
01.Clicked on 'Select Import File' button
01.Clicked on 'Select Import File' button
02.Choosing excel file(having records) from System Directory to perform Import functionility
02.Choosing excel file(having records) from System Directory to perform Import functionility
06.Clicked on 'Upload' button
06.Clicked on 'Upload' button
04.Clicked on 'Import file' button once file uploaded successfully
04.Clicked on 'Import file' button once file uploaded successfully
[Test 2 steps 'ENDS'] 
[Test 2 steps 'ENDS'] 
************************************[ Test 2--> 'Importing record as duplicate data' is ''PASSED'' ]************************************ 
******[ Test 2--> 'Importing record as duplicate data' is ''PASSED'' ]****** 
 
 ]]>
  </system-out>
</testsuite> <!-- com.csm.qa.test2.LoginPageTest -->
