<?xml version="1.0" encoding="UTF-8"?>
<!-- Generated by org.testng.reporters.JUnitReportReporter -->
<testsuite hostname="JCI-MH68" failures="0" tests="1" name="com.csm.qa.test.LoginPageTest" time="53.173" errors="0" timestamp="2023-06-27T16:24:36 IST" skipped="0">
  <testcase classname="com.csm.qa.test.LoginPageTest" name="Test6" time="53.173"/>
  <system-out>
    <![CDATA[ 
************************************[ Test 1--> Insertion of new data ]**************************************************** 
******[ Test 1--> Insertion of new data ]****** 
[Test 1 steps 'STARTS'] 
[Test 1 steps 'STARTS'] 
01.Clicked on 'Insert' button to add new Record
01.Clicked on 'Insert' button to add new Record
02.Inserting 'PO No.' field 
02.Inserting 'PO No.' field 
03.Choosing 'Company code' field 
03.Choosing 'Company code' field 
04.Inserting 'Title1' field 
04.Inserting 'Title1' field 
05.Cliking on 'SAVE' button 
05.Cliking on 'SAVE' button 
06.Clicked on 'Insert' button to add new CHILD Record
06.Clicked on 'Insert' button to add new CHILD Record
07.Choosing 'Displine code' 
07.Choosing 'Displine code' 
08.Inserting 'Item No.' field 
08.Inserting 'Item No.' field 
09.Selecting 'Ident Code' field 
09.Selecting 'Ident Code' field 
10.Inserting 'PO Qty.' field 
10.Inserting 'PO Qty.' field 
11.Cliking on 'SAVE' button 
11.Cliking on 'SAVE' button 
12.Clicking on Delete button of 'Child' grid 
12.Clicking on Delete button of 'Child' grid 
13.Clicking on Delete button of 'Child' grid for confirmation(YES/NO) 
13.Clicking on Delete button of 'Child' grid for confirmation(YES/NO) 
14.Clicking on Delete button of 'Parent' grid 
14.Clicking on Delete button of 'Parent' grid 
15.Clicking on Delete button of 'Parent' grid for confirmation(YES/NO) 
15.Clicking on Delete button of 'Parent' grid for confirmation(YES/NO) 
[Test 1 steps 'ENDS'] 
[Test 1 steps 'ENDS'] 
************************************[ Test 1--> 'Insertion of new data' is ''PASSED'' ]************************************ 
******[ Test 1--> 'Insertion of new data' is ''PASSED'' ]****** 
 
 ]]>
  </system-out>
</testsuite> <!-- com.csm.qa.test.LoginPageTest -->
