<?xml version="1.0" encoding="UTF-8"?>
<!-- Generated by org.testng.reporters.JUnitReportReporter -->
<testsuite hostname="JCI-MH68" failures="0" tests="10" name="com.csm.qa.test.LoginPageTest" time="656.010" errors="0" timestamp="2023-07-04T16:34:32 IST" skipped="0">
  <testcase classname="com.csm.qa.test.LoginPageTest" name="Test111" time="51.302"/>
  <system-out>
    <![CDATA[ 
************************************[ Test 1--> Insertion of new data ]**************************************************** 
******[ Test 1--> Insertion of new data ]****** 
[Test 1 steps 'STARTS'] 
[Test 1 steps 'STARTS'] 
01.Clicked on 'Insert' button to add new Record
01.Clicked on 'Insert' button to add new Record
02.Inserting 'PO No.' field 
02.Inserting 'PO No.' field 
03.Choosing 'Company code' field 
03.Choosing 'Company code' field 
04.Inserting 'Title1' field 
04.Inserting 'Title1' field 
05.Cliking on 'SAVE' button 
05.Cliking on 'SAVE' button 
06.Clicked on 'Insert' button to add new CHILD Record
06.Clicked on 'Insert' button to add new CHILD Record
07.Choosing 'Displine code' 
07.Choosing 'Displine code' 
08.Inserting 'Item No.' field 
08.Inserting 'Item No.' field 
09.Selecting 'Ident Code' field 
09.Selecting 'Ident Code' field 
10.Inserting 'PO Qty.' field 
10.Inserting 'PO Qty.' field 
11.Cliking on 'SAVE' button 
11.Cliking on 'SAVE' button 
12.Clicking on Delete button of 'Child' grid 
12.Clicking on Delete button of 'Child' grid 
13.Clicking on Delete button of 'Child' grid for confirmation(YES/NO) 
13.Clicking on Delete button of 'Child' grid for confirmation(YES/NO) 
14.Clicking on Delete button of 'Parent' grid 
14.Clicking on Delete button of 'Parent' grid 
15.Clicking on Delete button of 'Parent' grid for confirmation(YES/NO) 
15.Clicking on Delete button of 'Parent' grid for confirmation(YES/NO) 
[Test 1 steps 'ENDS'] 
[Test 1 steps 'ENDS'] 
************************************[ Test 1--> 'Insertion of new data' is ''PASSED'' ]************************************ 
******[ Test 1--> 'Insertion of new data' is ''PASSED'' ]****** 
 
 ]]>
  </system-out>
  <testcase classname="com.csm.qa.test.LoginPageTest" name="Test22" time="19.761"/>
  <system-out>
    <![CDATA[ 
************************************[ Test 2--> Insertion of data as 'NULL' field ]**************************************************** 
******[ Scenario 2--> Insertion of data as 'NULL' field ]****** 
[Test 2 steps 'STARTS'] 
[Test 2 steps 'STARTS'] 
01.Clicked on 'Insert' button to add new Record
01.Clicked on 'Insert' button to add new Record
02.Inserting 'PO No.' field 
02.Inserting 'PO No.' field 
03.Choosing 'Company code' field 
03.Choosing 'Company code' field 
04.Inserting 'Title1' field 
04.Inserting 'Title1' field 
05.Cliking on 'SAVE' button 
05.Cliking on 'SAVE' button 
[Scenario 2 steps 'ENDS'] 
[Scenario 2 steps 'ENDS'] 
************************************[ Test 2--> 'Insertion of data as 'NULL' field' is ''PASSED'' ]************************************ 
******[ Test 2--> 'Insertion of data as 'NULL' field' is ''PASSED'' ]****** 
 
 
 ]]>
  </system-out>
  <testcase classname="com.csm.qa.test.LoginPageTest" name="Test33" time="43.579"/>
  <system-out>
    <![CDATA[
************************************[ Test 3--> Insertion of new data having field capacity more than provided ]**************************************************** 
******[ Test 3--> Insertion of new data having field capacity more than provided ]****** 
[Test 3 steps 'STARTS'] 
[Test 3 steps 'STARTS'] 
01.Clicked on 'Insert' button to add new Record
01.Clicked on 'Insert' button to add new Record
02.Inserting 'PO No.' field 
02.Inserting 'PO No.' field 
03.Choosing 'Company code' field 
03.Choosing 'Company code' field 
04.Inserting 'Title1' field 
04.Inserting 'Title1' field 
05.Cliking on 'SAVE' button 
05.Cliking on 'SAVE' button 
06.Clicked on 'Insert' button to add new CHILD Record
06.Clicked on 'Insert' button to add new CHILD Record
07.Choosing 'Displine code' 
07.Choosing 'Displine code' 
08.Inserting 'Item No.' field 
08.Inserting 'Item No.' field 
09.Selecting 'Ident Code' field 
09.Selecting 'Ident Code' field 
10.Inserting 'PO Qty.' field 
10.Inserting 'PO Qty.' field 
11.Cliking on 'SAVE' button 
11.Cliking on 'SAVE' button 
12.Clicking on Delete button of 'Child' grid 
12.Clicking on Delete button of 'Child' grid 
13.Clicking on Delete button of 'Child' grid for confirmation(YES/NO) 
13.Clicking on Delete button of 'Child' grid for confirmation(YES/NO) 
14.Clicking on Delete button of 'Parent' grid 
14.Clicking on Delete button of 'Parent' grid 
15.Clicking on Delete button of 'Parent' grid for confirmation(YES/NO) 
15.Clicking on Delete button of 'Parent' grid for confirmation(YES/NO) 
[Test 3 steps 'ENDS'] 
[Test 3 steps 'ENDS'] 
************************************[ Test 3--> 'Insertion of new data having field capacity more than provided' is ''PASSED'' ]************************************ 
******[ Test 3--> 'Insertion of new data having field capacity more than provided' is ''PASSED'' ]****** 
 
 ]]>
  </system-out>
  <testcase classname="com.csm.qa.test.LoginPageTest" name="Test44" time="7.337"/>
  <system-out>
    <![CDATA[
************************************[ Test 4--> Insertion of new record for non-exsisting data ]**************************************************** 
******[ Test 4--> Insertion of new record for non-exsisting data ]****** 
[Test 4 steps 'STARTS'] 
[Test 4 steps 'STARTS'] 
01.Clicked on 'Insert' button to add new Record
01.Clicked on 'Insert' button to add new Record
02.Inserting 'PO No.' field 
02.Inserting 'PO No.' field 
03.Inserting 'Title1' field 
03.Inserting 'Title1' field 
04.Choosing 'Company code' field 
04.Choosing 'Company code' field 
[Test 4 steps 'ENDS'] 
[Test 4 steps 'ENDS'] 
************************************[ Test 4]--> 'Insertion of new record for non-exsisting data' is ''PASSED'' ]************************************ 
******[ Test 4]--> 'Insertion of new record for non-exsisting data' is ''PASSED'' ]****** 
 
 
 ]]>
  </system-out>
  <testcase classname="com.csm.qa.test.LoginPageTest" name="Test55" time="109.498"/>
  <system-out>
    <![CDATA[
************************************[ Test 5--> Insertion of new record as BULK records ]**************************************************** 
******[ Test 5--> Insertion of new record as BULK records ]****** 
[Test 5 steps 'STARTS'] 
[Test 5 steps 'STARTS'] 
01.Clicked on 'Insert' button to add new Record
01.Clicked on 'Insert' button to add new Record
02.Inserting 'PO No.' field 
02.Inserting 'PO No.' field 
03.Choosing 'Company code' field 
03.Choosing 'Company code' field 
04.Inserting 'Title1' field 
04.Inserting 'Title1' field 
05.Cliking on 'SAVE' button 
05.Cliking on 'SAVE' button 
06.Clicked on 'Insert' button to add new CHILD Record
06.Clicked on 'Insert' button to add new CHILD Record
07.Choosing 'Displine code' 
07.Choosing 'Displine code' 
08.Inserting 'Item No.' field 
08.Inserting 'Item No.' field 
09.Selecting 'Ident Code' field 
09.Selecting 'Ident Code' field 
10.Inserting 'PO Qty.' field 
10.Inserting 'PO Qty.' field 
11.Cliking on 'SAVE' button 
11.Cliking on 'SAVE' button 
12.Clicked on 'Insert' button to add new CHILD Record
12.Clicked on 'Insert' button to add new CHILD Record
13.Choosing 'Displine code' 
13.Choosing 'Displine code' 
14.Inserting 'Item No.' field 
14.Inserting 'Item No.' field 
15.Selecting 'Ident Code' field 
15.Selecting 'Ident Code' field 
10.Inserting 'PO Qty.' field 
10.Inserting 'PO Qty.' field 
17.Cliking on 'SAVE' button 
17.Cliking on 'SAVE' button 
18.Clicked on 'Insert' button to add new CHILD Record
18.Clicked on 'Insert' button to add new CHILD Record
19.Choosing 'Displine code' 
19.Choosing 'Displine code' 
20.Inserting 'Item No.' field 
20.Inserting 'Item No.' field 
21.Selecting 'Ident Code' field 
21.Selecting 'Ident Code' field 
10.Inserting 'PO Qty.' field 
10.Inserting 'PO Qty.' field 
23.Cliking on 'SAVE' button 
23.Cliking on 'SAVE' button 
24.Clicking on Delete button of 'Child' grid 
24.Clicking on Delete button of 'Child' grid 
25.Clicking on Delete button of 'Child' grid for confirmation(YES/NO) 
25.Clicking on Delete button of 'Child' grid for confirmation(YES/NO) 
26.Clicking on Delete button of 'Child' grid 
26.Clicking on Delete button of 'Child' grid 
27.Clicking on Delete button of 'Child' grid for confirmation(YES/NO) 
27.Clicking on Delete button of 'Child' grid for confirmation(YES/NO) 
28.Clicking on Delete button of 'Child' grid 
28.Clicking on Delete button of 'Child' grid 
29.Clicking on Delete button of 'Child' grid for confirmation(YES/NO) 
29.Clicking on Delete button of 'Child' grid for confirmation(YES/NO) 
30.Clicking on Delete button of 'Parent' grid 
30.Clicking on Delete button of 'Parent' grid 
31.Clicking on Delete button of 'Parent' grid for confirmation(YES/NO) 
31.Clicking on Delete button of 'Parent' grid for confirmation(YES/NO) 
[Test 5 steps 'ENDS'] 
[Test 5 steps 'ENDS'] 
************************************[ Test 5--> 'Insertion of new record as BULK records' is ''PASSED'' ]************************************ 
******[ Test 5--> 'Insertion of new record as BULK records' is ''PASSED'' ]****** 
 
 
 ]]>
  </system-out>
  <testcase classname="com.csm.qa.test.LoginPageTest" name="Test66" time="69.866"/>
  <system-out>
    <![CDATA[
************************************[ Test 6--> Insertion of new record with duplicate data validation ]**************************************************** 
******[ Test 6--> Insertion of new record with duplicate data validation ]****** 
[Test 6 steps 'STARTS'] 
[Test 6 steps 'STARTS'] 
01.Clicked on 'Insert' button to add new Record
01.Clicked on 'Insert' button to add new Record
02.Inserting 'PO No.' field 
02.Inserting 'PO No.' field 
03.Choosing 'Company code' field 
03.Choosing 'Company code' field 
04.Inserting 'Title1' field 
04.Inserting 'Title1' field 
05.Cliking on 'SAVE' button 
05.Cliking on 'SAVE' button 
06.Clicked on 'Insert' button to add new CHILD Record
06.Clicked on 'Insert' button to add new CHILD Record
07.Choosing 'Displine code' 
07.Choosing 'Displine code' 
08.Inserting 'Item No.' field 
08.Inserting 'Item No.' field 
09.Selecting 'Ident Code' field 
09.Selecting 'Ident Code' field 
10.Inserting 'PO Qty.' field 
10.Inserting 'PO Qty.' field 
11.Cliking on 'SAVE' button 
11.Cliking on 'SAVE' button 
12.Clicked on 'Insert' button to add new Record for duplicate data validation
12.Clicked on 'Insert' button to add new Record for duplicate data validation
13.Inserting 'PO No.' field 
13.Inserting 'PO No.' field 
14.Choosing 'Company code' field 
14.Choosing 'Company code' field 
15.Inserting 'Title1' field 
15.Inserting 'Title1' field 
16.Cliking on 'SAVE' button 
16.Cliking on 'SAVE' button 
17.Clicking on Delete button of 'Child' grid 
17.Clicking on Delete button of 'Child' grid 
18.Clicking on Delete button of 'Child' grid for confirmation(YES/NO) 
18.Clicking on Delete button of 'Child' grid for confirmation(YES/NO) 
19.Clicking on Delete button of 'Parent' grid 
19.Clicking on Delete button of 'Parent' grid 
20.Clicking on Delete button of 'Parent' grid for confirmation(YES/NO) 
20.Clicking on Delete button of 'Parent' grid for confirmation(YES/NO) 
[Test 6 steps 'ENDS'] 
[Test 6 steps 'ENDS'] 
************************************[ Test 6--> 'Insertion of new record with duplicate data validation' is ''PASSED'' ]************************************ 
******[ Test 6--> 'Insertion of new record with duplicate data validation' is ''PASSED'' ]****** 
 
 
 ]]>
  </system-out>
  <testcase classname="com.csm.qa.test.LoginPageTest" name="Test77" time="69.336"/>
  <system-out>
    <![CDATA[
************************************[ Test 7--> Insertion of new record with Leading space and Trailing space ]**************************************************** 
******[ Test 7--> Insertion of new record with Leading space and Trailing space ]****** 
[Test 7 steps 'STARTS'] 
[Test 7 steps 'STARTS'] 
01.Clicked on 'Insert' button to add new Record
01.Clicked on 'Insert' button to add new Record
02.Inserting 'PO No.' field 
02.Inserting 'PO No.' field 
03.Choosing 'Company code' field 
03.Choosing 'Company code' field 
04.Inserting 'Title1' field 
04.Inserting 'Title1' field 
05.Cliking on 'SAVE' button 
05.Cliking on 'SAVE' button 
06.Clicked on 'Insert' button to add new CHILD Record
06.Clicked on 'Insert' button to add new CHILD Record
07.Choosing 'Displine code' 
07.Choosing 'Displine code' 
08.Inserting 'Item No.' field 
08.Inserting 'Item No.' field 
09.Selecting 'Ident Code' field 
09.Selecting 'Ident Code' field 
10.Inserting 'PO Qty.' field 
10.Inserting 'PO Qty.' field 
11.Cliking on 'SAVE' button 
11.Cliking on 'SAVE' button 
12.Clicked on 'Insert' button to add new Record 
12.Clicked on 'Insert' button to add new Record 
13.Inserting 'PO No.' field 
13.Inserting 'PO No.' field 
14.Choosing 'Company code' field 
14.Choosing 'Company code' field 
15.Inserting 'Title1' field 
15.Inserting 'Title1' field 
16.Cliking on 'SAVE' button 
16.Cliking on 'SAVE' button 
17.Clicking on Delete button of 'Child' grid 
17.Clicking on Delete button of 'Child' grid 
18.Clicking on Delete button of 'Child' grid for confirmation(YES/NO) 
18.Clicking on Delete button of 'Child' grid for confirmation(YES/NO) 
19.Clicking on Delete button of 'Parent' grid 
19.Clicking on Delete button of 'Parent' grid 
20.Clicking on Delete button of 'Parent' grid for confirmation(YES/NO) 
20.Clicking on Delete button of 'Parent' grid for confirmation(YES/NO) 
[Test 7 steps 'ENDS'] 
[Test 7 steps 'ENDS'] 
************************************[ Test 7--> 'Insertion of new record with Leading space and Trailing space' is ''PASSED'' ]************************************ 
******[ Test 7--> 'Insertion of new record with Leading space and Trailing space' is ''PASSED'' ]****** 
 
 
 ]]>
  </system-out>
  <testcase classname="com.csm.qa.test.LoginPageTest" name="Test88" time="90.859"/>
  <system-out>
    <![CDATA[
************************************[ Test 8--> Updating particular record with new data(Updatation operation) ]**************************************************** 
*****[ Test 8--> Updating particular record with new data(Updatation operation) ]***** 
[Test 8 steps 'STARTS'] 
[Test 8 steps 'STARTS'] 
01.Clicked on 'Insert' button to add new Record
01.Clicked on 'Insert' button to add new Record
02.Inserting 'PO No.' field 
02.Inserting 'PO No.' field 
03.Choosing 'Company code' field 
03.Choosing 'Company code' field 
04.Inserting 'Title1' field 
04.Inserting 'Title1' field 
05.Cliking on 'SAVE' button 
05.Cliking on 'SAVE' button 
06.Clicked on 'Insert' button to add new CHILD Record
06.Clicked on 'Insert' button to add new CHILD Record
07.Choosing 'Displine code' 
07.Choosing 'Displine code' 
08.Inserting 'Item No.' field 
08.Inserting 'Item No.' field 
09.Selecting 'Ident Code' field 
09.Selecting 'Ident Code' field 
10.Inserting 'PO Qty.' field 
10.Inserting 'PO Qty.' field 
11.Cliking on 'SAVE' button 
11.Cliking on 'SAVE' button 
12. Clicking on Edit button for Parent record 
12. Clicking on Edit button for Parent record 
13.Updatating 'Company code' field 
13.Updatating 'Company code' field 
14.Updatating 'Title1' field 
14.Updatating 'Title1' field 
15.Cliking on 'SAVE' button 
15.Cliking on 'SAVE' button 
16.Clicking on Edit button for Child record 
16.Clicking on Edit button for Child record 
17.Updatating 'Item No.' field 
17.Updatating 'Item No.' field 
18.Updatating 'Ident Code' field 
18.Updatating 'Ident Code' field 
19.Clicking on Delete button of 'Child' grid 
19.Clicking on Delete button of 'Child' grid 
20.Clicking on Delete button of 'Child' grid for confirmation(YES/NO) 
20.Clicking on Delete button of 'Child' grid for confirmation(YES/NO) 
21.Clicking on Delete button of 'Parent' grid 
21.Clicking on Delete button of 'Parent' grid 
22.Clicking on Delete button of 'Parent' grid for confirmation(YES/NO) 
22.Clicking on Delete button of 'Parent' grid for confirmation(YES/NO) 
[Test 8 steps 'ENDS'] 
[Test 8 steps 'ENDS'] 
************************************[ Test 8--> 'Updating particular record with new data(Updatation operation)' is ''PASSED'' ]************************************ 
******[ Test 8--> 'Updating particular record with new data(Updatation operation)' is ''PASSED'' ]****** 
 
 
 ]]>
  </system-out>
  <testcase classname="com.csm.qa.test.LoginPageTest" name="Test99" time="99.055"/>
  <system-out>
    <![CDATA[
************************************[ Scenario 9--> Insertion of new data, to print REPORT. ]**************************************************** 
******[ Scenario 9--> Insertion of new data, to print REPORT. ]****** 
[Scenario 9 steps 'STARTS'] 
[Scenario 9 steps 'STARTS'] 
01.Clicked on 'Insert' button to add new Record
01.Clicked on 'Insert' button to add new Record
02.Inserting 'PO No.' field 
02.Inserting 'PO No.' field 
03.Choosing 'Company code' field 
03.Choosing 'Company code' field 
04.Inserting 'Title1' field 
04.Inserting 'Title1' field 
05.Cliking on 'SAVE' button 
05.Cliking on 'SAVE' button 
06.Clicked on 'Insert' button to add new CHILD Record
06.Clicked on 'Insert' button to add new CHILD Record
07.Choosing 'Displine code' 
07.Choosing 'Displine code' 
08.Inserting 'Item No.' field 
08.Inserting 'Item No.' field 
09.Selecting 'Ident Code' field 
09.Selecting 'Ident Code' field 
10.Inserting 'PO Qty.' field 
10.Inserting 'PO Qty.' field 
11.Cliking on 'SAVE' button 
11.Cliking on 'SAVE' button 
12.Clicked on 'Insert' button to add new CHILD Record
12.Clicked on 'Insert' button to add new CHILD Record
13.Choosing 'Displine code' 
13.Choosing 'Displine code' 
14.Inserting 'Item No.' field 
14.Inserting 'Item No.' field 
15.Selecting 'Ident Code' field 
15.Selecting 'Ident Code' field 
10.Inserting 'PO Qty.' field 
10.Inserting 'PO Qty.' field 
17.Cliking on 'SAVE' button 
17.Cliking on 'SAVE' button 
18.Cliking on 'Print' button to print Report
18.Cliking on 'Print' button to print Report
19.Clicking on Delete button of 'Parent' grid 
19.Clicking on Delete button of 'Parent' grid 
20.Clicking on Delete button of 'Parent' grid for confirmation(YES/NO) 
20.Clicking on Delete button of 'Parent' grid for confirmation(YES/NO) 
21.Clicking on Delete button of 'Parent' grid 
21.Clicking on Delete button of 'Parent' grid 
22.Clicking on Delete button of 'Parent' grid for confirmation(YES/NO) 
22.Clicking on Delete button of 'Parent' grid for confirmation(YES/NO) 
23.Clicking on Delete button of 'Parent' grid 
23.Clicking on Delete button of 'Parent' grid 
24.Clicking on Delete button of 'Parent' grid for confirmation(YES/NO) 
24.Clicking on Delete button of 'Parent' grid for confirmation(YES/NO) 
[Test 9 steps 'ENDS'] 
************************************[ Test 9--> 'Insertion of new data, to print REPORT' is ''PASSED'' ]************************************ 
******[ Test 9--> 'Insertion of new data, to print REPORT' is ''PASSED'' ]****** 
 
 
 ]]>
  </system-out>
  <testcase classname="com.csm.qa.test.LoginPageTest" name="Test100" time="95.417"/>
  <system-out>
    <![CDATA[
************************************[ Test 10--> Insertion of new data, to validate search bar disappearing or not!. ]**************************************************** 
*****[ Test 10--> Insertion of new data, to validate search bar disappearing or not!. ]******** 
[Test 10 steps 'STARTS'] 
[Test 10 steps 'STARTS'] 
01.Clicked on 'Insert' button to add new Record
01.Clicked on 'Insert' button to add new Record
02.Inserting 'PO No.' field 
02.Inserting 'PO No.' field 
03.Choosing 'Company code' field 
03.Choosing 'Company code' field 
04.Inserting 'Title1' field 
04.Inserting 'Title1' field 
05.Cliking on 'SAVE' button 
05.Cliking on 'SAVE' button 
06.Clicked on 'Insert' button to add new CHILD Record
06.Clicked on 'Insert' button to add new CHILD Record
07.Choosing 'Displine code' 
07.Choosing 'Displine code' 
08.Inserting 'Item No.' field 
08.Inserting 'Item No.' field 
09.Selecting 'Ident Code' field 
09.Selecting 'Ident Code' field 
10.Inserting 'PO Qty.' field 
10.Inserting 'PO Qty.' field 
11.Cliking on 'SAVE' button 
11.Cliking on 'SAVE' button 
12.Clicked on 'Insert' button to add new CHILD Record
12.Clicked on 'Insert' button to add new CHILD Record
13.Choosing 'Displine code' 
13.Choosing 'Displine code' 
14.Inserting 'Item No.' field 
14.Inserting 'Item No.' field 
15.Selecting 'Ident Code' field 
15.Selecting 'Ident Code' field 
10.Inserting 'PO Qty.' field 
10.Inserting 'PO Qty.' field 
17.Cliking on 'SAVE' button 
17.Cliking on 'SAVE' button 
18.Clicking on Edit button to validating search bar disappearing or not 
18.Clicking on Edit button to validating search bar disappearing or not 
19.Clicking on Delete button of 'Child' grid 
19.Clicking on Delete button of 'Child' grid 
20.Clicking on Delete button of 'Child' grid for confirmation(YES/NO) 
20.Clicking on Delete button of 'Child' grid for confirmation(YES/NO) 
21.Clicking on Delete button of 'Child' grid 
21.Clicking on Delete button of 'Child' grid 
22.Clicking on Delete button of 'Child' grid for confirmation(YES/NO) 
22.Clicking on Delete button of 'Child' grid for confirmation(YES/NO) 
23.Clicking on Delete button of 'Parent' grid 
23.Clicking on Delete button of 'Parent' grid 
24.Clicking on Delete button of 'Parent' grid for confirmation(YES/NO) 
24.Clicking on Delete button of 'Parent' grid for confirmation(YES/NO) 
[Test 10 steps 'ENDS'] 
[Test 10 steps 'ENDS'] 
************************************[ Test 10--> 'Insertion of new data, to validate search bar disappearing or not!' is ''PASSED'' ]************************************ 
******[ Test 10--> 'Insertion of new data, to validate search bar disappearing or not!' is ''PASSED'' ]****** 
 
 
 ]]>
  </system-out>
</testsuite> <!-- com.csm.qa.test.LoginPageTest -->
