<?xml version="1.0" encoding="UTF-8"?>
<!-- Generated by org.testng.reporters.JUnitReportReporter -->
<testsuite hostname="JCI-MH68" failures="0" tests="30" name="com.csm.qa.test.LoginPageTest" time="1433.319" errors="0" timestamp="2023-07-05T10:54:56 IST" skipped="0">
  <testcase classname="com.csm.qa.test.LoginPageTest" name="Test1" time="45.824"/>
  <system-out>
    <![CDATA[ 
************************************[ Test 1--> Insertion of new data ]**************************************************** 
******[ Test 1--> Insertion of new data ]****** 
[Test 1 steps 'STARTS'] 
[Test 1 steps 'STARTS'] 
01.Clicked on 'Insert' button to add new Record
01.Clicked on 'Insert' button to add new Record
02.Inserting 'PO No.' field 
02.Inserting 'PO No.' field 
03.Choosing 'Company code' field 
03.Choosing 'Company code' field 
04.Inserting 'Title1' field 
04.Inserting 'Title1' field 
05.Cliking on 'SAVE' button 
05.Cliking on 'SAVE' button 
06.Clicked on 'Insert' button to add new CHILD Record
06.Clicked on 'Insert' button to add new CHILD Record
07.Choosing 'Displine code' 
07.Choosing 'Displine code' 
08.Inserting 'Item No.' field 
08.Inserting 'Item No.' field 
09.Selecting 'Ident Code' field 
09.Selecting 'Ident Code' field 
10.Inserting 'PO Qty.' field 
10.Inserting 'PO Qty.' field 
11.Cliking on 'SAVE' button 
11.Cliking on 'SAVE' button 
12.Clicking on Delete button of 'Child' grid 
12.Clicking on Delete button of 'Child' grid 
13.Clicking on Delete button of 'Child' grid for confirmation(YES/NO) 
13.Clicking on Delete button of 'Child' grid for confirmation(YES/NO) 
14.Clicking on Delete button of 'Parent' grid 
14.Clicking on Delete button of 'Parent' grid 
15.Clicking on Delete button of 'Parent' grid for confirmation(YES/NO) 
15.Clicking on Delete button of 'Parent' grid for confirmation(YES/NO) 
[Test 1 steps 'ENDS'] 
[Test 1 steps 'ENDS'] 
************************************[ Test 1--> 'Insertion of new data' is ''PASSED'' ]************************************ 
******[ Test 1--> 'Insertion of new data' is ''PASSED'' ]****** 
 
 ]]>
  </system-out>
  <testcase classname="com.csm.qa.test.LoginPageTest" name="Test2" time="19.664"/>
  <system-out>
    <![CDATA[ 
************************************[ Test 2--> Insertion of data as 'NULL' field ]**************************************************** 
******[ Scenario 2--> Insertion of data as 'NULL' field ]****** 
[Test 2 steps 'STARTS'] 
[Test 2 steps 'STARTS'] 
01.Clicked on 'Insert' button to add new Record
01.Clicked on 'Insert' button to add new Record
02.Inserting 'PO No.' field 
02.Inserting 'PO No.' field 
03.Choosing 'Company code' field 
03.Choosing 'Company code' field 
04.Inserting 'Title1' field 
04.Inserting 'Title1' field 
05.Cliking on 'SAVE' button 
05.Cliking on 'SAVE' button 
[Scenario 2 steps 'ENDS'] 
[Scenario 2 steps 'ENDS'] 
************************************[ Test 2--> 'Insertion of data as 'NULL' field' is ''PASSED'' ]************************************ 
******[ Test 2--> 'Insertion of data as 'NULL' field' is ''PASSED'' ]****** 
 
 
 ]]>
  </system-out>
  <testcase classname="com.csm.qa.test.LoginPageTest" name="Test3" time="42.242"/>
  <system-out>
    <![CDATA[
************************************[ Test 3--> Insertion of new data having field capacity more than provided ]**************************************************** 
******[ Test 3--> Insertion of new data having field capacity more than provided ]****** 
[Test 3 steps 'STARTS'] 
[Test 3 steps 'STARTS'] 
01.Clicked on 'Insert' button to add new Record
01.Clicked on 'Insert' button to add new Record
02.Inserting 'PO No.' field 
02.Inserting 'PO No.' field 
03.Choosing 'Company code' field 
03.Choosing 'Company code' field 
04.Inserting 'Title1' field 
04.Inserting 'Title1' field 
05.Cliking on 'SAVE' button 
05.Cliking on 'SAVE' button 
06.Clicked on 'Insert' button to add new CHILD Record
06.Clicked on 'Insert' button to add new CHILD Record
07.Choosing 'Displine code' 
07.Choosing 'Displine code' 
08.Inserting 'Item No.' field 
08.Inserting 'Item No.' field 
09.Selecting 'Ident Code' field 
09.Selecting 'Ident Code' field 
10.Inserting 'PO Qty.' field 
10.Inserting 'PO Qty.' field 
11.Cliking on 'SAVE' button 
11.Cliking on 'SAVE' button 
12.Clicking on Delete button of 'Child' grid 
12.Clicking on Delete button of 'Child' grid 
13.Clicking on Delete button of 'Child' grid for confirmation(YES/NO) 
13.Clicking on Delete button of 'Child' grid for confirmation(YES/NO) 
14.Clicking on Delete button of 'Parent' grid 
14.Clicking on Delete button of 'Parent' grid 
15.Clicking on Delete button of 'Parent' grid for confirmation(YES/NO) 
15.Clicking on Delete button of 'Parent' grid for confirmation(YES/NO) 
[Test 3 steps 'ENDS'] 
[Test 3 steps 'ENDS'] 
************************************[ Test 3--> 'Insertion of new data having field capacity more than provided' is ''PASSED'' ]************************************ 
******[ Test 3--> 'Insertion of new data having field capacity more than provided' is ''PASSED'' ]****** 
 
 ]]>
  </system-out>
  <testcase classname="com.csm.qa.test.LoginPageTest" name="Test4" time="6.952"/>
  <system-out>
    <![CDATA[
************************************[ Test 4--> Insertion of new record for non-exsisting data ]**************************************************** 
******[ Test 4--> Insertion of new record for non-exsisting data ]****** 
[Test 4 steps 'STARTS'] 
[Test 4 steps 'STARTS'] 
01.Clicked on 'Insert' button to add new Record
01.Clicked on 'Insert' button to add new Record
02.Inserting 'PO No.' field 
02.Inserting 'PO No.' field 
03.Inserting 'Title1' field 
03.Inserting 'Title1' field 
04.Choosing 'Company code' field 
04.Choosing 'Company code' field 
[Test 4 steps 'ENDS'] 
[Test 4 steps 'ENDS'] 
************************************[ Test 4]--> 'Insertion of new record for non-exsisting data' is ''PASSED'' ]************************************ 
******[ Test 4]--> 'Insertion of new record for non-exsisting data' is ''PASSED'' ]****** 
 
 
 ]]>
  </system-out>
  <testcase classname="com.csm.qa.test.LoginPageTest" name="Test55" time="91.323"/>
  <system-out>
    <![CDATA[
************************************[ Test 5--> Insertion of new record as BULK records ]**************************************************** 
******[ Test 5--> Insertion of new record as BULK records ]****** 
[Test 5 steps 'STARTS'] 
[Test 5 steps 'STARTS'] 
01.Clicked on 'Insert' button to add new Record
01.Clicked on 'Insert' button to add new Record
02.Inserting 'PO No.' field 
02.Inserting 'PO No.' field 
03.Choosing 'Company code' field 
03.Choosing 'Company code' field 
04.Inserting 'Title1' field 
04.Inserting 'Title1' field 
05.Cliking on 'SAVE' button 
05.Cliking on 'SAVE' button 
06.Clicked on 'Insert' button to add new CHILD Record
06.Clicked on 'Insert' button to add new CHILD Record
07.Choosing 'Displine code' 
07.Choosing 'Displine code' 
08.Inserting 'Item No.' field 
08.Inserting 'Item No.' field 
09.Selecting 'Ident Code' field 
09.Selecting 'Ident Code' field 
10.Inserting 'PO Qty.' field 
10.Inserting 'PO Qty.' field 
11.Cliking on 'SAVE' button 
11.Cliking on 'SAVE' button 
12.Clicked on 'Insert' button to add new CHILD Record
12.Clicked on 'Insert' button to add new CHILD Record
13.Choosing 'Displine code' 
13.Choosing 'Displine code' 
14.Inserting 'Item No.' field 
14.Inserting 'Item No.' field 
15.Selecting 'Ident Code' field 
15.Selecting 'Ident Code' field 
10.Inserting 'PO Qty.' field 
10.Inserting 'PO Qty.' field 
17.Cliking on 'SAVE' button 
17.Cliking on 'SAVE' button 
18.Clicked on 'Insert' button to add new CHILD Record
18.Clicked on 'Insert' button to add new CHILD Record
19.Choosing 'Displine code' 
19.Choosing 'Displine code' 
20.Inserting 'Item No.' field 
20.Inserting 'Item No.' field 
21.Selecting 'Ident Code' field 
21.Selecting 'Ident Code' field 
10.Inserting 'PO Qty.' field 
10.Inserting 'PO Qty.' field 
23.Cliking on 'SAVE' button 
23.Cliking on 'SAVE' button 
24.Clicking on Delete button of 'Child' grid 
24.Clicking on Delete button of 'Child' grid 
25.Clicking on Delete button of 'Child' grid for confirmation(YES/NO) 
25.Clicking on Delete button of 'Child' grid for confirmation(YES/NO) 
26.Clicking on Delete button of 'Child' grid 
26.Clicking on Delete button of 'Child' grid 
27.Clicking on Delete button of 'Child' grid for confirmation(YES/NO) 
27.Clicking on Delete button of 'Child' grid for confirmation(YES/NO) 
28.Clicking on Delete button of 'Child' grid 
28.Clicking on Delete button of 'Child' grid 
29.Clicking on Delete button of 'Child' grid for confirmation(YES/NO) 
29.Clicking on Delete button of 'Child' grid for confirmation(YES/NO) 
30.Clicking on Delete button of 'Parent' grid 
30.Clicking on Delete button of 'Parent' grid 
31.Clicking on Delete button of 'Parent' grid for confirmation(YES/NO) 
31.Clicking on Delete button of 'Parent' grid for confirmation(YES/NO) 
[Test 5 steps 'ENDS'] 
[Test 5 steps 'ENDS'] 
************************************[ Test 5--> 'Insertion of new record as BULK records' is ''PASSED'' ]************************************ 
******[ Test 5--> 'Insertion of new record as BULK records' is ''PASSED'' ]****** 
 
 
 ]]>
  </system-out>
  <testcase classname="com.csm.qa.test.LoginPageTest" name="Test6" time="57.290"/>
  <system-out>
    <![CDATA[
************************************[ Test 6--> Insertion of new record with duplicate data validation ]**************************************************** 
******[ Test 6--> Insertion of new record with duplicate data validation ]****** 
[Test 6 steps 'STARTS'] 
[Test 6 steps 'STARTS'] 
01.Clicked on 'Insert' button to add new Record
01.Clicked on 'Insert' button to add new Record
02.Inserting 'PO No.' field 
02.Inserting 'PO No.' field 
03.Choosing 'Company code' field 
03.Choosing 'Company code' field 
04.Inserting 'Title1' field 
04.Inserting 'Title1' field 
05.Cliking on 'SAVE' button 
05.Cliking on 'SAVE' button 
06.Clicked on 'Insert' button to add new CHILD Record
06.Clicked on 'Insert' button to add new CHILD Record
07.Choosing 'Displine code' 
07.Choosing 'Displine code' 
08.Inserting 'Item No.' field 
08.Inserting 'Item No.' field 
09.Selecting 'Ident Code' field 
09.Selecting 'Ident Code' field 
10.Inserting 'PO Qty.' field 
10.Inserting 'PO Qty.' field 
11.Cliking on 'SAVE' button 
11.Cliking on 'SAVE' button 
12.Clicked on 'Insert' button to add new Record for duplicate data validation
12.Clicked on 'Insert' button to add new Record for duplicate data validation
13.Inserting 'PO No.' field 
13.Inserting 'PO No.' field 
14.Choosing 'Company code' field 
14.Choosing 'Company code' field 
15.Inserting 'Title1' field 
15.Inserting 'Title1' field 
16.Cliking on 'SAVE' button 
16.Cliking on 'SAVE' button 
17.Clicking on Delete button of 'Child' grid 
17.Clicking on Delete button of 'Child' grid 
18.Clicking on Delete button of 'Child' grid for confirmation(YES/NO) 
18.Clicking on Delete button of 'Child' grid for confirmation(YES/NO) 
19.Clicking on Delete button of 'Parent' grid 
19.Clicking on Delete button of 'Parent' grid 
20.Clicking on Delete button of 'Parent' grid for confirmation(YES/NO) 
20.Clicking on Delete button of 'Parent' grid for confirmation(YES/NO) 
[Test 6 steps 'ENDS'] 
[Test 6 steps 'ENDS'] 
************************************[ Test 6--> 'Insertion of new record with duplicate data validation' is ''PASSED'' ]************************************ 
******[ Test 6--> 'Insertion of new record with duplicate data validation' is ''PASSED'' ]****** 
 
 
 ]]>
  </system-out>
  <testcase classname="com.csm.qa.test.LoginPageTest" name="Test7" time="55.269"/>
  <system-out>
    <![CDATA[
************************************[ Test 7--> Insertion of new record with Leading space and Trailing space ]**************************************************** 
******[ Test 7--> Insertion of new record with Leading space and Trailing space ]****** 
[Test 7 steps 'STARTS'] 
[Test 7 steps 'STARTS'] 
01.Clicked on 'Insert' button to add new Record
01.Clicked on 'Insert' button to add new Record
02.Inserting 'PO No.' field 
02.Inserting 'PO No.' field 
03.Choosing 'Company code' field 
03.Choosing 'Company code' field 
04.Inserting 'Title1' field 
04.Inserting 'Title1' field 
05.Cliking on 'SAVE' button 
05.Cliking on 'SAVE' button 
06.Clicked on 'Insert' button to add new CHILD Record
06.Clicked on 'Insert' button to add new CHILD Record
07.Choosing 'Displine code' 
07.Choosing 'Displine code' 
08.Inserting 'Item No.' field 
08.Inserting 'Item No.' field 
09.Selecting 'Ident Code' field 
09.Selecting 'Ident Code' field 
10.Inserting 'PO Qty.' field 
10.Inserting 'PO Qty.' field 
11.Cliking on 'SAVE' button 
11.Cliking on 'SAVE' button 
12.Clicked on 'Insert' button to add new Record 
12.Clicked on 'Insert' button to add new Record 
13.Inserting 'PO No.' field 
13.Inserting 'PO No.' field 
14.Choosing 'Company code' field 
14.Choosing 'Company code' field 
15.Inserting 'Title1' field 
15.Inserting 'Title1' field 
16.Cliking on 'SAVE' button 
16.Cliking on 'SAVE' button 
17.Clicking on Delete button of 'Child' grid 
17.Clicking on Delete button of 'Child' grid 
18.Clicking on Delete button of 'Child' grid for confirmation(YES/NO) 
18.Clicking on Delete button of 'Child' grid for confirmation(YES/NO) 
19.Clicking on Delete button of 'Parent' grid 
19.Clicking on Delete button of 'Parent' grid 
20.Clicking on Delete button of 'Parent' grid for confirmation(YES/NO) 
20.Clicking on Delete button of 'Parent' grid for confirmation(YES/NO) 
[Test 7 steps 'ENDS'] 
[Test 7 steps 'ENDS'] 
************************************[ Test 7--> 'Insertion of new record with Leading space and Trailing space' is ''PASSED'' ]************************************ 
******[ Test 7--> 'Insertion of new record with Leading space and Trailing space' is ''PASSED'' ]****** 
 
 
 ]]>
  </system-out>
  <testcase classname="com.csm.qa.test.LoginPageTest" name="Test88" time="70.310"/>
  <system-out>
    <![CDATA[
************************************[ Test 8--> Updating particular record with new data(Updatation operation) ]**************************************************** 
*****[ Test 8--> Updating particular record with new data(Updatation operation) ]***** 
[Test 8 steps 'STARTS'] 
[Test 8 steps 'STARTS'] 
01.Clicked on 'Insert' button to add new Record
01.Clicked on 'Insert' button to add new Record
02.Inserting 'PO No.' field 
02.Inserting 'PO No.' field 
03.Choosing 'Company code' field 
03.Choosing 'Company code' field 
04.Inserting 'Title1' field 
04.Inserting 'Title1' field 
05.Cliking on 'SAVE' button 
05.Cliking on 'SAVE' button 
06.Clicked on 'Insert' button to add new CHILD Record
06.Clicked on 'Insert' button to add new CHILD Record
07.Choosing 'Displine code' 
07.Choosing 'Displine code' 
08.Inserting 'Item No.' field 
08.Inserting 'Item No.' field 
09.Selecting 'Ident Code' field 
09.Selecting 'Ident Code' field 
10.Inserting 'PO Qty.' field 
10.Inserting 'PO Qty.' field 
11.Cliking on 'SAVE' button 
11.Cliking on 'SAVE' button 
12. Clicking on Edit button for Parent record 
12. Clicking on Edit button for Parent record 
13.Updatating 'Company code' field 
13.Updatating 'Company code' field 
14.Updatating 'Title1' field 
14.Updatating 'Title1' field 
15.Cliking on 'SAVE' button 
15.Cliking on 'SAVE' button 
16.Clicking on Edit button for Child record 
16.Clicking on Edit button for Child record 
17.Updatating 'Item No.' field 
17.Updatating 'Item No.' field 
18.Updatating 'Ident Code' field 
18.Updatating 'Ident Code' field 
19.Clicking on Delete button of 'Child' grid 
19.Clicking on Delete button of 'Child' grid 
20.Clicking on Delete button of 'Child' grid for confirmation(YES/NO) 
20.Clicking on Delete button of 'Child' grid for confirmation(YES/NO) 
21.Clicking on Delete button of 'Parent' grid 
21.Clicking on Delete button of 'Parent' grid 
22.Clicking on Delete button of 'Parent' grid for confirmation(YES/NO) 
22.Clicking on Delete button of 'Parent' grid for confirmation(YES/NO) 
[Test 8 steps 'ENDS'] 
[Test 8 steps 'ENDS'] 
************************************[ Test 8--> 'Updating particular record with new data(Updatation operation)' is ''PASSED'' ]************************************ 
******[ Test 8--> 'Updating particular record with new data(Updatation operation)' is ''PASSED'' ]****** 
 
 
 ]]>
  </system-out>
  <testcase classname="com.csm.qa.test.LoginPageTest" name="Test99" time="76.441"/>
  <system-out>
    <![CDATA[
************************************[ Scenario 9--> Insertion of new data, to print REPORT. ]**************************************************** 
******[ Scenario 9--> Insertion of new data, to print REPORT. ]****** 
[Scenario 9 steps 'STARTS'] 
[Scenario 9 steps 'STARTS'] 
01.Clicked on 'Insert' button to add new Record
01.Clicked on 'Insert' button to add new Record
02.Inserting 'PO No.' field 
02.Inserting 'PO No.' field 
03.Choosing 'Company code' field 
03.Choosing 'Company code' field 
04.Inserting 'Title1' field 
04.Inserting 'Title1' field 
05.Cliking on 'SAVE' button 
05.Cliking on 'SAVE' button 
06.Clicked on 'Insert' button to add new CHILD Record
06.Clicked on 'Insert' button to add new CHILD Record
07.Choosing 'Displine code' 
07.Choosing 'Displine code' 
08.Inserting 'Item No.' field 
08.Inserting 'Item No.' field 
09.Selecting 'Ident Code' field 
09.Selecting 'Ident Code' field 
10.Inserting 'PO Qty.' field 
10.Inserting 'PO Qty.' field 
11.Cliking on 'SAVE' button 
11.Cliking on 'SAVE' button 
12.Clicked on 'Insert' button to add new CHILD Record
12.Clicked on 'Insert' button to add new CHILD Record
13.Choosing 'Displine code' 
13.Choosing 'Displine code' 
14.Inserting 'Item No.' field 
14.Inserting 'Item No.' field 
15.Selecting 'Ident Code' field 
15.Selecting 'Ident Code' field 
10.Inserting 'PO Qty.' field 
10.Inserting 'PO Qty.' field 
17.Cliking on 'SAVE' button 
17.Cliking on 'SAVE' button 
18.Cliking on 'Print' button to print Report
18.Cliking on 'Print' button to print Report
19.Clicking on Delete button of 'Parent' grid 
19.Clicking on Delete button of 'Parent' grid 
20.Clicking on Delete button of 'Parent' grid for confirmation(YES/NO) 
20.Clicking on Delete button of 'Parent' grid for confirmation(YES/NO) 
21.Clicking on Delete button of 'Parent' grid 
21.Clicking on Delete button of 'Parent' grid 
22.Clicking on Delete button of 'Parent' grid for confirmation(YES/NO) 
22.Clicking on Delete button of 'Parent' grid for confirmation(YES/NO) 
23.Clicking on Delete button of 'Parent' grid 
23.Clicking on Delete button of 'Parent' grid 
24.Clicking on Delete button of 'Parent' grid for confirmation(YES/NO) 
24.Clicking on Delete button of 'Parent' grid for confirmation(YES/NO) 
[Test 9 steps 'ENDS'] 
************************************[ Test 9--> 'Insertion of new data, to print REPORT' is ''PASSED'' ]************************************ 
******[ Test 9--> 'Insertion of new data, to print REPORT' is ''PASSED'' ]****** 
 
 
 ]]>
  </system-out>
  <testcase classname="com.csm.qa.test.LoginPageTest" name="Test100" time="72.502"/>
  <system-out>
    <![CDATA[
************************************[ Test 10--> Insertion of new data, to validate search bar disappearing or not!. ]**************************************************** 
*****[ Test 10--> Insertion of new data, to validate search bar disappearing or not!. ]******** 
[Test 10 steps 'STARTS'] 
[Test 10 steps 'STARTS'] 
01.Clicked on 'Insert' button to add new Record
01.Clicked on 'Insert' button to add new Record
02.Inserting 'PO No.' field 
02.Inserting 'PO No.' field 
03.Choosing 'Company code' field 
03.Choosing 'Company code' field 
04.Inserting 'Title1' field 
04.Inserting 'Title1' field 
05.Cliking on 'SAVE' button 
05.Cliking on 'SAVE' button 
06.Clicked on 'Insert' button to add new CHILD Record
06.Clicked on 'Insert' button to add new CHILD Record
07.Choosing 'Displine code' 
07.Choosing 'Displine code' 
08.Inserting 'Item No.' field 
08.Inserting 'Item No.' field 
09.Selecting 'Ident Code' field 
09.Selecting 'Ident Code' field 
10.Inserting 'PO Qty.' field 
10.Inserting 'PO Qty.' field 
11.Cliking on 'SAVE' button 
11.Cliking on 'SAVE' button 
12.Clicked on 'Insert' button to add new CHILD Record
12.Clicked on 'Insert' button to add new CHILD Record
13.Choosing 'Displine code' 
13.Choosing 'Displine code' 
14.Inserting 'Item No.' field 
14.Inserting 'Item No.' field 
15.Selecting 'Ident Code' field 
15.Selecting 'Ident Code' field 
10.Inserting 'PO Qty.' field 
10.Inserting 'PO Qty.' field 
17.Cliking on 'SAVE' button 
17.Cliking on 'SAVE' button 
18.Clicking on Edit button to validating search bar disappearing or not 
18.Clicking on Edit button to validating search bar disappearing or not 
19.Clicking on Delete button of 'Child' grid 
19.Clicking on Delete button of 'Child' grid 
20.Clicking on Delete button of 'Child' grid for confirmation(YES/NO) 
20.Clicking on Delete button of 'Child' grid for confirmation(YES/NO) 
21.Clicking on Delete button of 'Child' grid 
21.Clicking on Delete button of 'Child' grid 
22.Clicking on Delete button of 'Child' grid for confirmation(YES/NO) 
22.Clicking on Delete button of 'Child' grid for confirmation(YES/NO) 
23.Clicking on Delete button of 'Parent' grid 
23.Clicking on Delete button of 'Parent' grid 
24.Clicking on Delete button of 'Parent' grid for confirmation(YES/NO) 
24.Clicking on Delete button of 'Parent' grid for confirmation(YES/NO) 
[Test 10 steps 'ENDS'] 
[Test 10 steps 'ENDS'] 
************************************[ Test 10--> 'Insertion of new data, to validate search bar disappearing or not!' is ''PASSED'' ]************************************ 
******[ Test 10--> 'Insertion of new data, to validate search bar disappearing or not!' is ''PASSED'' ]****** 
 
 
 ]]>
  </system-out>
  <testcase classname="com.csm.qa.test.LoginPageTest" name="Test11" time="50.342"/>
  <system-out>
    <![CDATA[ 
************************************[ Test 11--> To validate NULL data validation(Validation is 'Discipline code is required') by inserting 'NULL' data inside 'Discipline code' field ]**************************************************** 
******[ Test 11--> To validate NULL data validation(Validation is 'Discipline code is required') by inserting 'NULL' data inside 'Discipline code' field ]****** 
[Test 11 steps 'STARTS'] 
[Test 11 steps 'STARTS'] 
01.Clicked on 'Insert' button to add new Record
01.Clicked on 'Insert' button to add new Record
02.Inserting 'PO No.' field 
02.Inserting 'PO No.' field 
03.Choosing 'Company code' field 
03.Choosing 'Company code' field 
04.Inserting 'Title1' field 
04.Inserting 'Title1' field 
05.Cliking on 'SAVE' button 
05.Cliking on 'SAVE' button 
06.Clicked on 'Insert' button to add new CHILD Record
06.Clicked on 'Insert' button to add new CHILD Record
08.Inserting 'Item No.' field 
08.Inserting 'Item No.' field 
09.Selecting 'Ident Code' field 
09.Selecting 'Ident Code' field 
10.Inserting 'PO Qty.' field 
10.Inserting 'PO Qty.' field 
11.Choosing 'Displine code'as NULL data
11.Choosing 'Displine code'as NULL data
12.Cliking on 'SAVE' button 
12.Cliking on 'SAVE' button 
13.Clicking on Delete button of 'Parent' grid 
13.Clicking on Delete button of 'Parent' grid 
14.Clicking on Delete button of 'Parent' grid for confirmation(YES/NO) 
14.Clicking on Delete button of 'Parent' grid for confirmation(YES/NO) 
[Test 11 steps 'ENDS'] 
[Test 11 steps 'ENDS'] 
************************************[ Test 11--> 'To validate NULL data validation(Validation is 'Discipline code is required') by inserting 'NULL' data inside 'Discipline code' field' is ''PASSED'' ]************************************ 
******[ Test 11--> 'To validate NULL data validation(Validation is 'Discipline code is required') by inserting 'NULL' data inside 'Discipline code' field' is ''PASSED'' ]****** 
 
 ]]>
  </system-out>
  <testcase classname="com.csm.qa.test.LoginPageTest" name="Test12" time="50.893"/>
  <system-out>
    <![CDATA[ 
************************************[ Test 12--> Inserting Non exsisting data inside 'Discipline code' field ]**************************************************** 
******[ Test 12--> Inserting Non exsisting data inside 'Discipline code' field ]****** 
[Test 12 steps 'STARTS'] 
[Test 12 steps 'STARTS'] 
01.Clicked on 'Insert' button to add new Record
01.Clicked on 'Insert' button to add new Record
02.Inserting 'PO No.' field 
02.Inserting 'PO No.' field 
03.Choosing 'Company code' field 
03.Choosing 'Company code' field 
04.Inserting 'Title1' field 
04.Inserting 'Title1' field 
05.Cliking on 'SAVE' button 
05.Cliking on 'SAVE' button 
06.Clicked on 'Insert' button to add new CHILD Record
06.Clicked on 'Insert' button to add new CHILD Record
07.Inserting 'Item No.' field 
07.Inserting 'Item No.' field 
08.Selecting 'Ident Code' field 
08.Selecting 'Ident Code' field 
10.Inserting 'PO Qty.' field 
10.Inserting 'PO Qty.' field 
10.Clicking 'Discipline Code' field dropdown 
10.Clicking 'Discipline Code' field dropdown 
11.Choosing 'Displine code'as Non exsisting data
11.Choosing 'Displine code'as Non exsisting data
12.Cliking on 'SAVE' button 
12.Cliking on 'SAVE' button 
13.Clicking on Delete button of 'Parent' grid 
13.Clicking on Delete button of 'Parent' grid 
14.Clicking on Delete button of 'Parent' grid for confirmation(YES/NO) 
14.Clicking on Delete button of 'Parent' grid for confirmation(YES/NO) 
[Test 12 steps 'ENDS'] 
[Test 12 steps 'ENDS'] 
************************************[ Test 12--> 'Inserting Non exsisting data inside 'Discipline code' field' is ''PASSED'' ]************************************ 
******[ Test 12--> 'Inserting Non exsisting data inside 'Discipline code' field' is ''PASSED'' ]****** 
 
 ]]>
  </system-out>
  <testcase classname="com.csm.qa.test.LoginPageTest" name="Test13" time="45.773"/>
  <system-out>
    <![CDATA[ 
************************************[ Test 13--> Inserting NULL data inside 'PO Qty' field  ]**************************************************** 
******[ Test 13--> Inserting NULL data inside 'PO Qty' field  ]****** 
[Test 13 steps 'STARTS'] 
[Test 13 steps 'STARTS'] 
01.Clicked on 'Insert' button to add new Record
01.Clicked on 'Insert' button to add new Record
02.Inserting 'PO No.' field 
02.Inserting 'PO No.' field 
03.Choosing 'Company code' field 
03.Choosing 'Company code' field 
04.Inserting 'Title1' field 
04.Inserting 'Title1' field 
05.Cliking on 'SAVE' button 
05.Cliking on 'SAVE' button 
06.Clicked on 'Insert' button to add new CHILD Record
06.Clicked on 'Insert' button to add new CHILD Record
07.Choosing 'Displine code' 
07.Choosing 'Displine code' 
08.Inserting 'Item No.' field 
08.Inserting 'Item No.' field 
09.Selecting 'Ident Code' field 
09.Selecting 'Ident Code' field 
10.Inserting 'PO Qty.' field 
10.Inserting 'PO Qty.' field 
11.Cliking on 'SAVE' button 
11.Cliking on 'SAVE' button 
12.Clicking on Delete button of 'Parent' grid 
12.Clicking on Delete button of 'Parent' grid 
13.Clicking on Delete button of 'Parent' grid for confirmation(YES/NO) 
13.Clicking on Delete button of 'Parent' grid for confirmation(YES/NO) 
[Test 13 steps 'ENDS'] 
[Test 13 steps 'ENDS'] 
************************************[ Test 13--> 'Inserting NULL data inside 'PO Qty' field ' is ''PASSED'' ]************************************ 
******[ Test 13--> 'Inserting NULL data inside 'PO Qty' field ' is ''PASSED'' ]****** 
 
 ]]>
  </system-out>
  <testcase classname="com.csm.qa.test.LoginPageTest" name="Test14" time="45.987"/>
  <system-out>
    <![CDATA[ 
************************************[ Test 14--> Inserting ALPHABETICAL data inside 'PO Qty' field ]**************************************************** 
******[ Test 14--> Inserting ALPHABETICAL data inside 'PO Qty' field ]****** 
[Test 14 steps 'STARTS'] 
[Test 14 steps 'STARTS'] 
01.Clicked on 'Insert' button to add new Record
01.Clicked on 'Insert' button to add new Record
02.Inserting 'PO No.' field 
02.Inserting 'PO No.' field 
03.Choosing 'Company code' field 
03.Choosing 'Company code' field 
04.Inserting 'Title1' field 
04.Inserting 'Title1' field 
05.Cliking on 'SAVE' button 
05.Cliking on 'SAVE' button 
06.Clicked on 'Insert' button to add new CHILD Record
06.Clicked on 'Insert' button to add new CHILD Record
07.Choosing 'Displine code' 
07.Choosing 'Displine code' 
08.Inserting 'Item No.' field 
08.Inserting 'Item No.' field 
09.Selecting 'Ident Code' field 
09.Selecting 'Ident Code' field 
10.Inserting 'PO Qty.' field 
10.Inserting 'PO Qty.' field 
11.Cliking on 'SAVE' button 
11.Cliking on 'SAVE' button 
12.Clicking on Delete button of 'Parent' grid 
12.Clicking on Delete button of 'Parent' grid 
13.Clicking on Delete button of 'Parent' grid for confirmation(YES/NO) 
13.Clicking on Delete button of 'Parent' grid for confirmation(YES/NO) 
[Test 14 steps 'ENDS'] 
[Test 14 steps 'ENDS'] 
************************************[ Test 14--> 'Inserting ALPHABETICAL data inside 'PO Qty' field' is ''PASSED'' ]************************************ 
******[ Test 14--> 'Inserting ALPHABETICAL data inside 'PO Qty' field' is ''PASSED'' ]****** 
 
 ]]>
  </system-out>
  <testcase classname="com.csm.qa.test.LoginPageTest" name="Test15" time="50.024"/>
  <system-out>
    <![CDATA[ 
************************************[ Test 15--> Inserting NVARCHAR data inside 'PO Qty' field ]**************************************************** 
******[ Test 15--> Inserting NVARCHAR data inside 'PO Qty' field ]****** 
[Test 15 steps 'STARTS'] 
[Test 15 steps 'STARTS'] 
01.Clicked on 'Insert' button to add new Record
01.Clicked on 'Insert' button to add new Record
02.Inserting 'PO No.' field 
02.Inserting 'PO No.' field 
03.Choosing 'Company code' field 
03.Choosing 'Company code' field 
04.Inserting 'Title1' field 
04.Inserting 'Title1' field 
05.Cliking on 'SAVE' button 
05.Cliking on 'SAVE' button 
06.Clicked on 'Insert' button to add new CHILD Record
06.Clicked on 'Insert' button to add new CHILD Record
07.Choosing 'Displine code' 
07.Choosing 'Displine code' 
08.Inserting 'Item No.' field 
08.Inserting 'Item No.' field 
09.Selecting 'Ident Code' field 
09.Selecting 'Ident Code' field 
10.Inserting 'PO Qty.' field 
10.Inserting 'PO Qty.' field 
11.Cliking on 'SAVE' button 
11.Cliking on 'SAVE' button 
12.Clicking on Delete button of 'Parent' grid 
12.Clicking on Delete button of 'Parent' grid 
13.Clicking on Delete button of 'Parent' grid for confirmation(YES/NO) 
13.Clicking on Delete button of 'Parent' grid for confirmation(YES/NO) 
14.Clicking on Delete button of 'Parent' grid 
14.Clicking on Delete button of 'Parent' grid 
15.Clicking on Delete button of 'Parent' grid for confirmation(YES/NO) 
15.Clicking on Delete button of 'Parent' grid for confirmation(YES/NO) 
[Test 15 steps 'ENDS'] 
[Test 15 steps 'ENDS'] 
************************************[ Test 15--> 'Inserting NVARCHAR data inside 'PO Qty' field' is ''PASSED'' ]************************************ 
******[ Test 15--> 'Inserting NVARCHAR data inside 'PO Qty' field' is ''PASSED'' ]****** 
 
 ]]>
  </system-out>
  <testcase classname="com.csm.qa.test.LoginPageTest" name="Test16" time="48.088"/>
  <system-out>
    <![CDATA[ 
************************************[ Test 16--> Inserting MIN Length data inside 'PO Qty' field ]**************************************************** 
******[ Test 16--> Inserting MIN Length data inside 'PO Qty' field ]****** 
[Test 16 steps 'STARTS'] 
[Test 16 steps 'STARTS'] 
01.Clicked on 'Insert' button to add new Record
01.Clicked on 'Insert' button to add new Record
02.Inserting 'PO No.' field 
02.Inserting 'PO No.' field 
03.Choosing 'Company code' field 
03.Choosing 'Company code' field 
04.Inserting 'Title1' field 
04.Inserting 'Title1' field 
05.Cliking on 'SAVE' button 
05.Cliking on 'SAVE' button 
06.Clicked on 'Insert' button to add new CHILD Record
06.Clicked on 'Insert' button to add new CHILD Record
07.Choosing 'Displine code' 
07.Choosing 'Displine code' 
08.Inserting 'Item No.' field 
08.Inserting 'Item No.' field 
09.Selecting 'Ident Code' field 
09.Selecting 'Ident Code' field 
10.Inserting 'PO Qty.' field 
10.Inserting 'PO Qty.' field 
11.Cliking on 'SAVE' button 
11.Cliking on 'SAVE' button 
12.Clicking on Delete button of 'Parent' grid 
12.Clicking on Delete button of 'Parent' grid 
13.Clicking on Delete button of 'Parent' grid for confirmation(YES/NO) 
13.Clicking on Delete button of 'Parent' grid for confirmation(YES/NO) 
14.Clicking on Delete button of 'Parent' grid 
14.Clicking on Delete button of 'Parent' grid 
15.Clicking on Delete button of 'Parent' grid for confirmation(YES/NO) 
15.Clicking on Delete button of 'Parent' grid for confirmation(YES/NO) 
[Test 16 steps 'ENDS'] 
[Test 16 steps 'ENDS'] 
************************************[ Test 16--> 'Inserting MIN Length data inside 'PO Qty' field' is ''PASSED'' ]************************************ 
******[ Test 16--> 'Inserting MIN Length data inside 'PO Qty' field' is ''PASSED'' ]****** 
 
 ]]>
  </system-out>
  <testcase classname="com.csm.qa.test.LoginPageTest" name="Test17" time="49.397"/>
  <system-out>
    <![CDATA[ 
************************************[ Test 17--> Inserting MAX Length data inside 'PO Qty' field ]**************************************************** 
******[ Test 17--> Inserting MAX Length data inside 'PO Qty' field ]****** 
[Test 17 steps 'STARTS'] 
[Test 17 steps 'STARTS'] 
01.Clicked on 'Insert' button to add new Record
01.Clicked on 'Insert' button to add new Record
02.Inserting 'PO No.' field 
02.Inserting 'PO No.' field 
03.Choosing 'Company code' field 
03.Choosing 'Company code' field 
04.Inserting 'Title1' field 
04.Inserting 'Title1' field 
05.Cliking on 'SAVE' button 
05.Cliking on 'SAVE' button 
06.Clicked on 'Insert' button to add new CHILD Record
06.Clicked on 'Insert' button to add new CHILD Record
07.Choosing 'Displine code' 
07.Choosing 'Displine code' 
08.Inserting 'Item No.' field 
08.Inserting 'Item No.' field 
09.Selecting 'Ident Code' field 
09.Selecting 'Ident Code' field 
10.Inserting 'PO Qty.' field 
10.Inserting 'PO Qty.' field 
10.Inserting 'PO Qty.' field 
10.Inserting 'PO Qty.' field 
11.Cliking on 'SAVE' button 
11.Cliking on 'SAVE' button 
12.Clicking on Delete button of 'Parent' grid 
12.Clicking on Delete button of 'Parent' grid 
13.Clicking on Delete button of 'Parent' grid for confirmation(YES/NO) 
13.Clicking on Delete button of 'Parent' grid for confirmation(YES/NO) 
14.Clicking on Delete button of 'Parent' grid 
14.Clicking on Delete button of 'Parent' grid 
15.Clicking on Delete button of 'Parent' grid for confirmation(YES/NO) 
15.Clicking on Delete button of 'Parent' grid for confirmation(YES/NO) 
[Test 17 steps 'ENDS'] 
[Test 17 steps 'ENDS'] 
************************************[ Test 17--> 'Inserting MAX Length data inside 'PO Qty' field' is ''PASSED'' ]************************************ 
******[ Test 17--> 'Inserting MAX Length data inside 'PO Qty' field' is ''PASSED'' ]****** 
 
 ]]>
  </system-out>
  <testcase classname="com.csm.qa.test.LoginPageTest" name="Test18" time="45.780"/>
  <system-out>
    <![CDATA[ 
************************************[ Test 18--> Inserting NULL data inside 'Ident Code' field ]**************************************************** 
******[ Test 18--> Inserting NULL data inside 'Ident Code' field ]****** 
[Test 18 steps 'STARTS'] 
[Test 18 steps 'STARTS'] 
01.Clicked on 'Insert' button to add new Record
01.Clicked on 'Insert' button to add new Record
02.Inserting 'PO No.' field 
02.Inserting 'PO No.' field 
03.Choosing 'Company code' field 
03.Choosing 'Company code' field 
04.Inserting 'Title1' field 
04.Inserting 'Title1' field 
05.Cliking on 'SAVE' button 
05.Cliking on 'SAVE' button 
06.Clicked on 'Insert' button to add new CHILD Record
06.Clicked on 'Insert' button to add new CHILD Record
07.Choosing 'Displine code' 
07.Choosing 'Displine code' 
08.Inserting 'Item No.' field 
08.Inserting 'Item No.' field 
09.Selecting 'Ident Code' field 
09.Selecting 'Ident Code' field 
10.Inserting 'PO Qty.' field 
10.Inserting 'PO Qty.' field 
11.Cliking on 'SAVE' button 
11.Cliking on 'SAVE' button 
12.Clicking on Delete button of 'Parent' grid 
12.Clicking on Delete button of 'Parent' grid 
13.Clicking on Delete button of 'Parent' grid for confirmation(YES/NO) 
13.Clicking on Delete button of 'Parent' grid for confirmation(YES/NO) 
[Test 18 steps 'ENDS'] 
[Test 18 steps 'ENDS'] 
************************************[ Test 18--> 'Inserting NULL data inside 'Ident Code' field' is ''PASSED'' ]************************************ 
******[ Test 18--> 'Inserting NULL data inside 'Ident Code' field' is ''PASSED'' ]****** 
 
 ]]>
  </system-out>
  <testcase classname="com.csm.qa.test.LoginPageTest" name="Test19" time="44.683"/>
  <system-out>
    <![CDATA[ 
************************************[ Test 19--> Inserting Non Exsisting data inside 'Ident Code' field ]**************************************************** 
******[ Test 19--> Inserting Non Exsisting data inside 'Ident Code' field ]****** 
[Test 19 steps 'STARTS'] 
[Test 19 steps 'STARTS'] 
01.Clicked on 'Insert' button to add new Record
01.Clicked on 'Insert' button to add new Record
02.Inserting 'PO No.' field 
02.Inserting 'PO No.' field 
03.Choosing 'Company code' field 
03.Choosing 'Company code' field 
04.Inserting 'Title1' field 
04.Inserting 'Title1' field 
05.Cliking on 'SAVE' button 
05.Cliking on 'SAVE' button 
06.Clicked on 'Insert' button to add new CHILD Record
06.Clicked on 'Insert' button to add new CHILD Record
07.Choosing 'Displine code' 
07.Choosing 'Displine code' 
08.Inserting 'Item No.' field 
08.Inserting 'Item No.' field 
10.Inserting 'PO Qty.' field 
10.Inserting 'PO Qty.' field 
10.Selecting 'Ident Code' field 
10.Selecting 'Ident Code' field 
11.Cliking on 'SAVE' button 
11.Cliking on 'SAVE' button 
12.Clicking on Delete button of 'Parent' grid 
12.Clicking on Delete button of 'Parent' grid 
13.Clicking on Delete button of 'Parent' grid for confirmation(YES/NO) 
13.Clicking on Delete button of 'Parent' grid for confirmation(YES/NO) 
[Test 19 steps 'ENDS'] 
[Test 19 steps 'ENDS'] 
************************************[ Test 19--> 'Inserting Non Exsisting data inside 'Ident Code' field' is ''PASSED'' ]************************************ 
******[ Test 19--> 'Inserting Non Exsisting data inside 'Ident Code' field' is ''PASSED'' ]****** 
 
 ]]>
  </system-out>
  <testcase classname="com.csm.qa.test.LoginPageTest" name="Test20" time="18.487"/>
  <system-out>
    <![CDATA[
************************************[ Test 20-->  Inserting NULL data inside 'Company Code' field ]**************************************************** 
******[ Test 20-->  Inserting NULL data inside 'Company Code' field ]****** 
[Test 20 steps 'STARTS'] 
[Test 20 steps 'STARTS'] 
01.Clicked on 'Insert' button to add new Record
01.Clicked on 'Insert' button to add new Record
02.Inserting 'PO No.' field 
02.Inserting 'PO No.' field 
03.Inserting 'Title1' field 
03.Inserting 'Title1' field 
04.Choosing 'Company code' field 
04.Choosing 'Company code' field 
05.Cliking on 'SAVE' button 
05.Cliking on 'SAVE' button 
[Test 20 steps 'ENDS'] 
[Test 20 steps 'ENDS'] 
************************************[ Test 20--> 'Insertion of new record for non-exsisting data' is ''PASSED'' ]************************************ 
******[ Test 20--> 'Insertion of new record for non-exsisting data' is ''PASSED'' ]****** 
 
 
 ]]>
  </system-out>
  <testcase classname="com.csm.qa.test.LoginPageTest" name="Test21" time="43.497"/>
  <system-out>
    <![CDATA[
************************************[ Test 21--> Insertion of NULL data inside 'Item No' field ]**************************************************** 
******[ Test 21--> Insertion of NULL data inside 'Item No' field ]****** 
[Test 21 steps 'STARTS'] 
[Test 21 steps 'STARTS'] 
01.Clicked on 'Insert' button to add new Record
01.Clicked on 'Insert' button to add new Record
02.Inserting 'PO No.' field 
02.Inserting 'PO No.' field 
03.Choosing 'Company code' field 
03.Choosing 'Company code' field 
04.Inserting 'Title1' field 
04.Inserting 'Title1' field 
05.Cliking on 'SAVE' button 
05.Cliking on 'SAVE' button 
06.Clicked on 'Insert' button to add new CHILD Record
06.Clicked on 'Insert' button to add new CHILD Record
07.Choosing 'Displine code' 
07.Choosing 'Displine code' 
08.Inserting 'Item No.' field 
08.Inserting 'Item No.' field 
09.Selecting 'Ident Code' field 
09.Selecting 'Ident Code' field 
10.Inserting 'PO Qty.' field 
10.Inserting 'PO Qty.' field 
11.Cliking on 'SAVE' button 
11.Cliking on 'SAVE' button 
12.Clicking on Delete button of 'Parent' grid 
12.Clicking on Delete button of 'Parent' grid 
13.Clicking on Delete button of 'Parent' grid for confirmation(YES/NO) 
13.Clicking on Delete button of 'Parent' grid for confirmation(YES/NO) 
[Test 21 steps 'ENDS'] 
[Test 21 steps 'ENDS'] 
************************************[ Test 21--> 'Insertion of NULL data inside 'Item No' field' is ''PASSED'' ]************************************ 
******[ Test 21--> 'Insertion of NULL data inside 'Item No' field' is ''PASSED'' ]****** 
 
 ]]>
  </system-out>
  <testcase classname="com.csm.qa.test.LoginPageTest" name="Test22" time="43.144"/>
  <system-out>
    <![CDATA[
************************************[ Test 22--> Insertion of Numeric data inside 'Item No' field ]**************************************************** 
******[ Test 22--> Insertion of Numeric data inside 'Item No' field ]****** 
[Test 22 steps 'STARTS'] 
[Test 22 steps 'STARTS'] 
01.Clicked on 'Insert' button to add new Record
01.Clicked on 'Insert' button to add new Record
02.Inserting 'PO No.' field 
02.Inserting 'PO No.' field 
03.Choosing 'Company code' field 
03.Choosing 'Company code' field 
04.Inserting 'Title1' field 
04.Inserting 'Title1' field 
05.Cliking on 'SAVE' button 
05.Cliking on 'SAVE' button 
06.Clicked on 'Insert' button to add new CHILD Record
06.Clicked on 'Insert' button to add new CHILD Record
07.Choosing 'Displine code' 
07.Choosing 'Displine code' 
08.Inserting 'Item No.' field 
08.Inserting 'Item No.' field 
09.Selecting 'Ident Code' field 
09.Selecting 'Ident Code' field 
10.Inserting 'PO Qty.' field 
10.Inserting 'PO Qty.' field 
11.Cliking on 'SAVE' button 
11.Cliking on 'SAVE' button 
12.Clicking on Delete button of 'Parent' grid 
12.Clicking on Delete button of 'Parent' grid 
13.Clicking on Delete button of 'Parent' grid for confirmation(YES/NO) 
13.Clicking on Delete button of 'Parent' grid for confirmation(YES/NO) 
14.Clicking on Delete button of 'Parent' grid 
14.Clicking on Delete button of 'Parent' grid 
15.Clicking on Delete button of 'Parent' grid for confirmation(YES/NO) 
15.Clicking on Delete button of 'Parent' grid for confirmation(YES/NO) 
[Test 22 steps 'ENDS'] 
[Test 22 steps 'ENDS'] 
************************************[ Test 22--> 'Insertion of Numeric data inside 'Item No' field' is ''PASSED'' ]************************************ 
******[ Test 22--> 'Insertion of Numeric data inside 'Item No' field' is ''PASSED'' ]****** 
 
 ]]>
  </system-out>
  <testcase classname="com.csm.qa.test.LoginPageTest" name="Test23" time="43.173"/>
  <system-out>
    <![CDATA[
************************************[ Test 23--> Insertion of ALPHABETICAL data inside 'Item No' field ]**************************************************** 
******[ Test 23--> Insertion of ALPHABETICAL data inside 'Item No' field ]****** 
[Test 23 steps 'STARTS'] 
[Test 23 steps 'STARTS'] 
01.Clicked on 'Insert' button to add new Record
01.Clicked on 'Insert' button to add new Record
02.Inserting 'PO No.' field 
02.Inserting 'PO No.' field 
03.Choosing 'Company code' field 
03.Choosing 'Company code' field 
04.Inserting 'Title1' field 
04.Inserting 'Title1' field 
05.Cliking on 'SAVE' button 
05.Cliking on 'SAVE' button 
06.Clicked on 'Insert' button to add new CHILD Record
06.Clicked on 'Insert' button to add new CHILD Record
07.Choosing 'Displine code' 
07.Choosing 'Displine code' 
08.Inserting 'Item No.' field 
08.Inserting 'Item No.' field 
09.Selecting 'Ident Code' field 
09.Selecting 'Ident Code' field 
10.Inserting 'PO Qty.' field 
10.Inserting 'PO Qty.' field 
11.Cliking on 'SAVE' button 
11.Cliking on 'SAVE' button 
12.Clicking on Delete button of 'Parent' grid 
12.Clicking on Delete button of 'Parent' grid 
13.Clicking on Delete button of 'Parent' grid for confirmation(YES/NO) 
13.Clicking on Delete button of 'Parent' grid for confirmation(YES/NO) 
14.Clicking on Delete button of 'Parent' grid 
14.Clicking on Delete button of 'Parent' grid 
15.Clicking on Delete button of 'Parent' grid for confirmation(YES/NO) 
15.Clicking on Delete button of 'Parent' grid for confirmation(YES/NO) 
[Test 23 steps 'ENDS'] 
[Test 23 steps 'ENDS'] 
************************************[ Test 23--> 'Insertion of ALPHABETICAL data inside 'Item No' field' is ''PASSED'' ]************************************ 
******[ Test 23--> 'Insertion of ALPHABETICAL data inside 'Item No' field' is ''PASSED'' ]****** 
 
 ]]>
  </system-out>
  <testcase classname="com.csm.qa.test.LoginPageTest" name="Test24" time="42.968"/>
  <system-out>
    <![CDATA[
************************************[ Test 24--> Insertion of NVARCHAR(including Special Symbols) data inside 'Item No' field ]**************************************************** 
******[ Test 24--> Insertion of NVARCHAR(including Special Symbols) data inside 'Item No' field ]****** 
[Test 24 steps 'STARTS'] 
[Test 24 steps 'STARTS'] 
01.Clicked on 'Insert' button to add new Record
01.Clicked on 'Insert' button to add new Record
02.Inserting 'PO No.' field 
02.Inserting 'PO No.' field 
03.Choosing 'Company code' field 
03.Choosing 'Company code' field 
04.Inserting 'Title1' field 
04.Inserting 'Title1' field 
05.Cliking on 'SAVE' button 
05.Cliking on 'SAVE' button 
06.Clicked on 'Insert' button to add new CHILD Record
06.Clicked on 'Insert' button to add new CHILD Record
07.Choosing 'Displine code' 
07.Choosing 'Displine code' 
08.Inserting 'Item No.' field 
08.Inserting 'Item No.' field 
09.Selecting 'Ident Code' field 
09.Selecting 'Ident Code' field 
10.Inserting 'PO Qty.' field 
10.Inserting 'PO Qty.' field 
11.Cliking on 'SAVE' button 
11.Cliking on 'SAVE' button 
12.Clicking on Delete button of 'Parent' grid 
12.Clicking on Delete button of 'Parent' grid 
13.Clicking on Delete button of 'Parent' grid for confirmation(YES/NO) 
13.Clicking on Delete button of 'Parent' grid for confirmation(YES/NO) 
14.Clicking on Delete button of 'Parent' grid 
14.Clicking on Delete button of 'Parent' grid 
15.Clicking on Delete button of 'Parent' grid for confirmation(YES/NO) 
15.Clicking on Delete button of 'Parent' grid for confirmation(YES/NO) 
[Test 24 steps 'ENDS'] 
[Test 24 steps 'ENDS'] 
************************************[ Test 24--> 'Insertion of NVARCHAR(including Special Symbols) data inside 'Item No' field' is ''PASSED'' ]************************************ 
******[ Test 24--> 'Insertion of NVARCHAR(including Special Symbols) data inside 'Item No' field' is ''PASSED'' ]****** 
 
 ]]>
  </system-out>
  <testcase classname="com.csm.qa.test.LoginPageTest" name="Test25" time="43.586"/>
  <system-out>
    <![CDATA[
************************************[ Test 25--> Insertion of MIN(Decimal type of) length data inside 'Item No' fieldd ]**************************************************** 
******[ Test 25--> Insertion of MIN(Decimal type of) length data inside 'Item No' field ]****** 
[Test 25 steps 'STARTS'] 
[Test 25 steps 'STARTS'] 
01.Clicked on 'Insert' button to add new Record
01.Clicked on 'Insert' button to add new Record
02.Inserting 'PO No.' field 
02.Inserting 'PO No.' field 
03.Choosing 'Company code' field 
03.Choosing 'Company code' field 
04.Inserting 'Title1' field 
04.Inserting 'Title1' field 
05.Cliking on 'SAVE' button 
05.Cliking on 'SAVE' button 
06.Clicked on 'Insert' button to add new CHILD Record
06.Clicked on 'Insert' button to add new CHILD Record
07.Choosing 'Displine code' 
07.Choosing 'Displine code' 
08.Inserting 'Item No.' field 
08.Inserting 'Item No.' field 
09.Selecting 'Ident Code' field 
09.Selecting 'Ident Code' field 
10.Inserting 'PO Qty.' field 
10.Inserting 'PO Qty.' field 
11.Cliking on 'SAVE' button 
11.Cliking on 'SAVE' button 
12.Clicking on Delete button of 'Parent' grid 
12.Clicking on Delete button of 'Parent' grid 
13.Clicking on Delete button of 'Parent' grid for confirmation(YES/NO) 
13.Clicking on Delete button of 'Parent' grid for confirmation(YES/NO) 
14.Clicking on Delete button of 'Parent' grid 
14.Clicking on Delete button of 'Parent' grid 
15.Clicking on Delete button of 'Parent' grid for confirmation(YES/NO) 
15.Clicking on Delete button of 'Parent' grid for confirmation(YES/NO) 
[Test 25 steps 'ENDS'] 
[Test 25 steps 'ENDS'] 
************************************[ Test 25--> 'Insertion of MIN(Decimal type of) length data inside 'Item No' field' is ''PASSED'' ]************************************ 
******[ Test 25--> 'Insertion of MIN(Decimal type of) length data inside 'Item No' field' is ''PASSED'' ]****** 
 
 ]]>
  </system-out>
  <testcase classname="com.csm.qa.test.LoginPageTest" name="Test26" time="43.543"/>
  <system-out>
    <![CDATA[
************************************[ Test 26--> Insertion of MAX length data inside 'Item No' field ]**************************************************** 
******[ Test 26--> Insertion of MAX length data inside 'Item No' field ]****** 
[Test 26 steps 'STARTS'] 
[Test 26 steps 'STARTS'] 
01.Clicked on 'Insert' button to add new Record
01.Clicked on 'Insert' button to add new Record
02.Inserting 'PO No.' field 
02.Inserting 'PO No.' field 
03.Choosing 'Company code' field 
03.Choosing 'Company code' field 
04.Inserting 'Title1' field 
04.Inserting 'Title1' field 
05.Cliking on 'SAVE' button 
05.Cliking on 'SAVE' button 
06.Clicked on 'Insert' button to add new CHILD Record
06.Clicked on 'Insert' button to add new CHILD Record
07.Choosing 'Displine code' 
07.Choosing 'Displine code' 
08.Inserting 'Item No.' field 
08.Inserting 'Item No.' field 
09.Selecting 'Ident Code' field 
09.Selecting 'Ident Code' field 
10.Inserting 'PO Qty.' field 
10.Inserting 'PO Qty.' field 
11.Cliking on 'SAVE' button 
11.Cliking on 'SAVE' button 
12.Clicking on Delete button of 'Parent' grid 
12.Clicking on Delete button of 'Parent' grid 
13.Clicking on Delete button of 'Parent' grid for confirmation(YES/NO) 
13.Clicking on Delete button of 'Parent' grid for confirmation(YES/NO) 
14.Clicking on Delete button of 'Parent' grid 
14.Clicking on Delete button of 'Parent' grid 
15.Clicking on Delete button of 'Parent' grid for confirmation(YES/NO) 
15.Clicking on Delete button of 'Parent' grid for confirmation(YES/NO) 
[Test 26 steps 'ENDS'] 
[Test 26 steps 'ENDS'] 
************************************[ Test 26--> 'Insertion of MAX length data inside 'Item No' field' is ''PASSED'' ]************************************ 
******[ Test 26--> 'Insertion of MAX length data inside 'Item No' field' is ''PASSED'' ]****** 
 
 ]]>
  </system-out>
  <testcase classname="com.csm.qa.test.LoginPageTest" name="Test27" time="43.308"/>
  <system-out>
    <![CDATA[
************************************[ Test 27--> Insertion of data having field capacity more than provided inside 'Item No' field ]**************************************************** 
******[ Test 27--> Insertion of data having field capacity more than provided inside 'Item No' field ]****** 
[Test 27 steps 'STARTS'] 
[Test 27 steps 'STARTS'] 
01.Clicked on 'Insert' button to add new Record
01.Clicked on 'Insert' button to add new Record
02.Inserting 'PO No.' field 
02.Inserting 'PO No.' field 
03.Choosing 'Company code' field 
03.Choosing 'Company code' field 
04.Inserting 'Title1' field 
04.Inserting 'Title1' field 
05.Cliking on 'SAVE' button 
05.Cliking on 'SAVE' button 
06.Clicked on 'Insert' button to add new CHILD Record
06.Clicked on 'Insert' button to add new CHILD Record
07.Choosing 'Displine code' 
07.Choosing 'Displine code' 
08.Inserting 'Item No.' field 
08.Inserting 'Item No.' field 
09.Selecting 'Ident Code' field 
09.Selecting 'Ident Code' field 
10.Inserting 'PO Qty.' field 
10.Inserting 'PO Qty.' field 
11.Cliking on 'SAVE' button 
11.Cliking on 'SAVE' button 
12.Clicking on Delete button of 'Parent' grid 
12.Clicking on Delete button of 'Parent' grid 
13.Clicking on Delete button of 'Parent' grid for confirmation(YES/NO) 
13.Clicking on Delete button of 'Parent' grid for confirmation(YES/NO) 
14.Clicking on Delete button of 'Parent' grid 
14.Clicking on Delete button of 'Parent' grid 
15.Clicking on Delete button of 'Parent' grid for confirmation(YES/NO) 
15.Clicking on Delete button of 'Parent' grid for confirmation(YES/NO) 
[Test 27 steps 'ENDS'] 
[Test 27 steps 'ENDS'] 
************************************[ Test 27--> 'Insertion of data having field capacity more than provided inside 'Item No' field' is ''PASSED'' ]************************************ 
******[ Test 27--> 'Insertion of data having field capacity more than provided inside 'Item No' field' is ''PASSED'' ]****** 
 
 ]]>
  </system-out>
  <testcase classname="com.csm.qa.test.LoginPageTest" name="Test28" time="0.642"/>
  <system-out>
    <![CDATA[
************************************[ Test 28--> Validate NULL data validation(Validation is 'Required') by inserting 'NULL' data inside 'PO No' field by directly clicking on 'Go' button ]**************************************************** 
******[ Test 28--> Validate NULL data validation(Validation is 'Required') by inserting 'NULL' data inside 'PO No' field by directly clicking on 'Go' button ]****** 
[Test 28 steps 'STARTS'] 
[Test 28 steps 'STARTS'] 
01.Clicked on 'Go' button
01.Clicked on 'Go' button
02.Clicked inside 'PO No:' field to see 'Required' field validation(as we not select particular 'PO No') 
02.Clicked inside 'PO No:' field to see 'Required' field validation(as we not select particular 'PO No') 
[Test 28 steps 'ENDS'] 
[Test 28 steps 'ENDS'] 
************************************[ Test 28--> 'Validate NULL data validation(Validation is 'Required') by inserting 'NULL' data inside 'PO No' field by directly clicking on 'Go' button' is ''PASSED'' ]************************************ 
******[ Test 28--> 'Validate NULL data validation(Validation is 'Required') by inserting 'NULL' data inside 'PO No' field by directly clicking on 'Go' button' is ''PASSED'' ]****** 
 
 ]]>
  </system-out>
  <testcase classname="com.csm.qa.test.LoginPageTest" name="Test29" time="42.259"/>
  <system-out>
    <![CDATA[
************************************[ Test 29--> Validating the inserted record(Parent and Child records) able to see  inside Excel file format ]**************************************************** 
******[ Test 29--> Validating the inserted record(Parent and Child records) able to see  inside Excel file format ]****** 
[Test 29 steps 'STARTS'] 
[Test 29 steps 'STARTS'] 
01.Clicked on 'Insert' button to add new Record
01.Clicked on 'Insert' button to add new Record
02.Inserting 'PO No.' field 
02.Inserting 'PO No.' field 
03.Choosing 'Company code' field 
03.Choosing 'Company code' field 
04.Inserting 'Title1' field 
04.Inserting 'Title1' field 
05.Cliking on 'SAVE' button 
05.Cliking on 'SAVE' button 
06.Clicked on 'Insert' button to add new CHILD Record
06.Clicked on 'Insert' button to add new CHILD Record
07.Choosing 'Displine code' 
07.Choosing 'Displine code' 
08.Inserting 'Item No.' field 
08.Inserting 'Item No.' field 
09.Selecting 'Ident Code' field 
09.Selecting 'Ident Code' field 
10.Inserting 'PO Qty.' field 
10.Inserting 'PO Qty.' field 
11.Cliking on 'SAVE' button 
11.Cliking on 'SAVE' button 
12.Clicking on Delete button of 'Child' grid 
12.Clicking on Delete button of 'Child' grid 
13.Clicking on Delete button of 'Child' grid for confirmation(YES/NO) 
13.Clicking on Delete button of 'Child' grid for confirmation(YES/NO) 
14.Clicking on Delete button of 'Parent' grid 
14.Clicking on Delete button of 'Parent' grid 
15.Clicking on Delete button of 'Parent' grid for confirmation(YES/NO) 
15.Clicking on Delete button of 'Parent' grid for confirmation(YES/NO) 
[Test 29 steps 'ENDS'] 
[Test 29 steps 'ENDS'] 
************************************[ Test 29--> 'Validating the inserted record(Parent and Child records) able to see  inside Excel file format' is ''PASSED'' ]************************************ 
******[ Test 29--> 'Validating the inserted record(Parent and Child records) able to see  inside Excel file format' is ''PASSED'' ]****** 
 
 ]]>
  </system-out>
  <testcase classname="com.csm.qa.test.LoginPageTest" name="Test30" time="99.928"/>
  <system-out>
    <![CDATA[
************************************[ Test 30--> Validate to filter out particular record from list ]**************************************************** 
******[ Test 30--> Validate to filter out particular record from list ]****** 
[Test 30 steps 'STARTS'] 
[Test 30 steps 'STARTS'] 
01.Clicked on 'Insert' button to add new Record
01.Clicked on 'Insert' button to add new Record
02.Inserting 'PO No.' field 
02.Inserting 'PO No.' field 
03.Choosing 'Company code' field 
03.Choosing 'Company code' field 
04.Inserting 'Title1' field 
04.Inserting 'Title1' field 
05.Cliking on 'SAVE' button 
05.Cliking on 'SAVE' button 
06.Clicked on 'Insert' button to add new CHILD Record
06.Clicked on 'Insert' button to add new CHILD Record
07.Choosing 'Displine code' 
07.Choosing 'Displine code' 
08.Inserting 'Item No.' field 
08.Inserting 'Item No.' field 
09.Selecting 'Ident Code' field 
09.Selecting 'Ident Code' field 
10.Inserting 'PO Qty.' field 
10.Inserting 'PO Qty.' field 
11.Cliking on 'SAVE' button 
11.Cliking on 'SAVE' button 
12.Clicked on 'Insert' button to add new CHILD Record
12.Clicked on 'Insert' button to add new CHILD Record
13.Choosing 'Displine code' 
13.Choosing 'Displine code' 
14.Inserting 'Item No.' field 
14.Inserting 'Item No.' field 
15.Selecting 'Ident Code' field 
15.Selecting 'Ident Code' field 
10.Inserting 'PO Qty.' field 
10.Inserting 'PO Qty.' field 
17.Cliking on 'SAVE' button 
17.Cliking on 'SAVE' button 
18.Clicked on 'Insert' button to add new CHILD Record
18.Clicked on 'Insert' button to add new CHILD Record
19.Choosing 'Displine code' 
19.Choosing 'Displine code' 
20.Inserting 'Item No.' field 
20.Inserting 'Item No.' field 
21.Selecting 'Ident Code' field 
21.Selecting 'Ident Code' field 
10.Inserting 'PO Qty.' field 
10.Inserting 'PO Qty.' field 
23.Cliking on 'SAVE' button 
23.Cliking on 'SAVE' button 
24.Clicking on Delete button of 'Child' grid 
24.Clicking on Delete button of 'Child' grid 
25.Clicking on Delete button of 'Child' grid for confirmation(YES/NO) 
25.Clicking on Delete button of 'Child' grid for confirmation(YES/NO) 
26.Clicking on Delete button of 'Child' grid 
26.Clicking on Delete button of 'Child' grid 
27.Clicking on Delete button of 'Child' grid for confirmation(YES/NO) 
27.Clicking on Delete button of 'Child' grid for confirmation(YES/NO) 
28.Clicking on Delete button of 'Child' grid 
28.Clicking on Delete button of 'Child' grid 
29.Clicking on Delete button of 'Child' grid for confirmation(YES/NO) 
29.Clicking on Delete button of 'Child' grid for confirmation(YES/NO) 
30.Clicking on Delete button of 'Parent' grid 
30.Clicking on Delete button of 'Parent' grid 
31.Clicking on Delete button of 'Parent' grid for confirmation(YES/NO) 
31.Clicking on Delete button of 'Parent' grid for confirmation(YES/NO) 
[Test 30 steps 'ENDS'] 
[Test 30 steps 'ENDS'] 
************************************[ Test 30--> 'Validate to filter out particular record from list' is ''PASSED'' ]************************************ 
******[ Test 30--> 'Validate to filter out particular record from list' is ''PASSED'' ]****** 
 
 
 ]]>
  </system-out>
</testsuite> <!-- com.csm.qa.test.LoginPageTest -->
