<?xml version="1.0" encoding="UTF-8"?>
<!-- Generated by org.testng.reporters.JUnitReportReporter -->
<testsuite hostname="JCI-MH68" failures="0" tests="4" name="com.csm.qa.test2.LoginPageTest" time="118.381" errors="0" timestamp="2023-07-07T17:47:54 IST" skipped="0">
  <testcase classname="com.csm.qa.test2.LoginPageTest" name="Test1" time="42.242"/>
  <system-out>
    <![CDATA[************************************[ Test 1--> 'Importing new record' ]************************************ 
******[ Test 1--> 'Importing new record' ]****** 
[Test 1 steps 'STARTS'] 
[Test 1 steps 'STARTS'] 
01.Clicked on '.csv' radio button
01.Clicked on '.csv' radio button
02.Clicked 'type' dropdown
02.Clicked 'type' dropdown
03.Selected 'type' as 'PO' 
03.Selected 'type' as 'PO' 
04.Clicked on 'Select Import File' button
04.Clicked on 'Select Import File' button
05.Choosing excel file(having records) from System Directory to perform Import functionility
05.Choosing excel file(having records) from System Directory to perform Import functionility
06.Clicked on 'Upload' button
06.Clicked on 'Upload' button
07.Clicked on 'Import file' button once file uploaded successfully
07.Clicked on 'Import file' button once file uploaded successfully
[Test 1 steps 'ENDS'] 
[Test 1 steps 'ENDS'] 
************************************[ Test 1--> 'Importing new record' is ''PASSED'' ]************************************ 
******[ Test 1--> 'Importing new record' is ''PASSED'' ]****** 
 
 ]]>
  </system-out>
  <testcase classname="com.csm.qa.test2.LoginPageTest" name="Test41" time="36.148"/>
  <system-out>
    <![CDATA[************************************[ Test 41--> 'To verify IMPORTED record(contains Special Symbols as 'PO No') is displaying in DM screen or not!' ]************************************ 
******[ Test 41--> 'To verify IMPORTED record(contains Special Symbols as 'PO No') is displaying in DM screen or not!' ]****** 
[Test 41 steps 'STARTS'] 
[Test 41 steps 'STARTS'] 
01.Clicked on 'Select Import File' button
01.Clicked on 'Select Import File' button
05.Choosing excel file(having records) from System Directory to perform Import functionility
05.Choosing excel file(having records) from System Directory to perform Import functionility
06.Clicked on 'Upload' button
06.Clicked on 'Upload' button
04.Clicked on 'Import file' button once file uploaded successfully
04.Clicked on 'Import file' button once file uploaded successfully
05.Clicked on 'Import file' button once file uploaded successfully
05.Clicked on 'Import file' button once file uploaded successfully
06.Clicked on DATA MAINTAINCE menu(arrow)
06.Clicked on DATA MAINTAINCE menu(arrow)
07.Clicked of 'Receiving Data' under Data Maintainance
07.Clicked of 'Receiving Data' under Data Maintainance
08.Clicked on 'PO' Screen
08.Clicked on 'PO' Screen
09.Clicked inside 'PO No' field 
09.Clicked inside 'PO No' field 
10.Clicked on 'Go' button
10.Clicked on 'Go' button
[Test 41 steps 'ENDS'] 
[Test 41 steps 'ENDS'] 
************************************[ Test 41--> 'To verify IMPORTED record(contains Special Symbols as 'PO No') is displaying in DM screen or not!' is ''PASSED'' ]************************************ 
******[ Test 41--> 'To verify IMPORTED record(contains Special Symbols as 'PO No') is displaying in DM screen or not!' is ''PASSED'' ]****** 
 
 ]]>
  </system-out>
  <testcase classname="com.csm.qa.test2.LoginPageTest" name="Test42" time="30.654"/>
  <system-out>
    <![CDATA[************************************[ Test 42--> 'To verify IMPORTED record is displaying in DM screen or not! for 'PO Qty' data' ]************************************ 
******[ Test 42--> 'To verify IMPORTED record is displaying in DM screen or not! for 'PO Qty' data' ]****** 
[Test 42 steps 'STARTS'] 
[Test 42 steps 'STARTS'] 
01.Clicked on 'Select Import File' button
01.Clicked on 'Select Import File' button
05.Choosing excel file(having records) from System Directory to perform Import functionility
05.Choosing excel file(having records) from System Directory to perform Import functionility
06.Clicked on 'Upload' button
06.Clicked on 'Upload' button
04.Clicked on 'Import file' button once file uploaded successfully
04.Clicked on 'Import file' button once file uploaded successfully
09.Clicked inside 'PO No' field
09.Clicked inside 'PO No' field
10.Clicked on 'Go' button
10.Clicked on 'Go' button
[Test 42 steps 'ENDS'] 
[Test 42 steps 'ENDS'] 
************************************[ Test 42--> 'To verify IMPORTED record is displaying in DM screen or not! for 'PO Qty' data' is ''PASSED'' ]************************************ 
******[ Test 42--> 'To verify IMPORTED record is displaying in DM screen or not! for 'PO Qty' data' is ''PASSED'' ]****** 
 
 ]]>
  </system-out>
  <testcase classname="com.csm.qa.test2.LoginPageTest" name="Test43" time="9.337"/>
  <system-out>
    <![CDATA[************************************[ Test 43--> 'To verify Store Location is displaying or not(as we Seted initially' data' ]************************************ 
******[ Test 43--> 'To verify Store Location is displaying or not(as we Seted initially' ]****** 
[Test 43 steps 'STARTS'] 
[Test 43 steps 'STARTS'] 
[Test 43 steps 'ENDS'] 
[Test 43 steps 'ENDS'] 
************************************[ Test 43--> 'To verify Store Location is displaying or not(as we Seted initially' is ''PASSED'' ]************************************ 
******[ Test 43--> 'To verify Store Location is displaying or not(as we Seted initially' is ''PASSED'' ]****** 
 
 ]]>
  </system-out>
</testsuite> <!-- com.csm.qa.test2.LoginPageTest -->
